======================================================================
KISAN MITRA MOBILE APPIUM TEST RUNNER - 2026-06-22 15:59:32
======================================================================
Running pytest with args: ['-s', '-v', '/home/runner/work/kisan-mitra-web/kisan-mitra-web/tests/mobile_e2e/test_suites']

============================= test session starts ==============================
platform linux -- Python 3.11.15, pytest-9.1.1, pluggy-1.6.0 -- /opt/hostedtoolcache/Python/3.11.15/x64/bin/python
cachedir: .pytest_cache
rootdir: /home/runner/work/kisan-mitra-web/kisan-mitra-web
collecting ... collected 8 items

tests/mobile_e2e/test_suites/test_auth.py::test_auth_client_validation [MobileConftest] Launching Appium driver targeting: /home/runner/work/kisan-mitra-web/kisan-mitra-web/build/app/outputs/flutter-apk/app-debug.apk
[MobileScreenshot] Saved screenshot: /home/runner/work/kisan-mitra-web/kisan-mitra-web/tests/mobile_e2e/Test Results/Screenshots/mobile_login_screen_load.png
[MobileScreenshot] Saved screenshot: /home/runner/work/kisan-mitra-web/kisan-mitra-web/tests/mobile_e2e/Test Results/Screenshots/fail_wait_1782144008.png
[MobileConftest] Captured failure screenshot: /home/runner/work/kisan-mitra-web/kisan-mitra-web/tests/mobile_e2e/Test Results/Screenshots/fail_test_auth_client_validation_1782143991.png
FAILED
tests/mobile_e2e/test_suites/test_auth.py::test_auth_invalid_credentials [MobileConftest] Launching Appium driver targeting: /home/runner/work/kisan-mitra-web/kisan-mitra-web/build/app/outputs/flutter-apk/app-debug.apk
[MobileScreenshot] Saved screenshot: /home/runner/work/kisan-mitra-web/kisan-mitra-web/tests/mobile_e2e/Test Results/Screenshots/mobile_login_invalid_credentials.png
[MobileTest] Verification complete: invalid login failed as expected.
PASSED
tests/mobile_e2e/test_suites/test_features.py::test_home_page_load [MobileConftest] Launching Appium driver targeting: /home/runner/work/kisan-mitra-web/kisan-mitra-web/build/app/outputs/flutter-apk/app-debug.apk
[MobileTest] Performing E2E test login...
[MobileScreenshot] Saved screenshot: /home/runner/work/kisan-mitra-web/kisan-mitra-web/tests/mobile_e2e/Test Results/Screenshots/fail_wait_1782144096.png
[MobileConftest] Captured failure screenshot: /home/runner/work/kisan-mitra-web/kisan-mitra-web/tests/mobile_e2e/Test Results/Screenshots/fail_test_home_page_load_1782144065.png
FAILED
tests/mobile_e2e/test_suites/test_features.py::test_market_prices_page_load [MobileConftest] Launching Appium driver targeting: /home/runner/work/kisan-mitra-web/kisan-mitra-web/build/app/outputs/flutter-apk/app-debug.apk
[MobileTest] Performing E2E test login...
[MobileScreenshot] Saved screenshot: /home/runner/work/kisan-mitra-web/kisan-mitra-web/tests/mobile_e2e/Test Results/Screenshots/fail_wait_1782144155.png
[MobileConftest] Captured failure screenshot: /home/runner/work/kisan-mitra-web/kisan-mitra-web/tests/mobile_e2e/Test Results/Screenshots/fail_test_market_prices_page_load_1782144125.png
FAILED
tests/mobile_e2e/test_suites/test_features.py::test_ai_advisor_page_load [MobileConftest] Launching Appium driver targeting: /home/runner/work/kisan-mitra-web/kisan-mitra-web/build/app/outputs/flutter-apk/app-debug.apk
ERROR
tests/mobile_e2e/test_suites/test_features.py::test_disease_scanner_page_load [MobileConftest] Launching Appium driver targeting: /home/runner/work/kisan-mitra-web/kisan-mitra-web/build/app/outputs/flutter-apk/app-debug.apk
[MobileTest] Performing E2E test login...
[MobileScreenshot] Saved screenshot: /home/runner/work/kisan-mitra-web/kisan-mitra-web/tests/mobile_e2e/Test Results/Screenshots/fail_wait_1782144240.png
[MobileConftest] Captured failure screenshot: /home/runner/work/kisan-mitra-web/kisan-mitra-web/tests/mobile_e2e/Test Results/Screenshots/fail_test_disease_scanner_page_load_1782144210.png
FAILED
tests/mobile_e2e/test_suites/test_features.py::test_navigation_between_screens [MobileConftest] Launching Appium driver targeting: /home/runner/work/kisan-mitra-web/kisan-mitra-web/build/app/outputs/flutter-apk/app-debug.apk
[MobileTest] Performing E2E test login...
[MobileScreenshot] Saved screenshot: /home/runner/work/kisan-mitra-web/kisan-mitra-web/tests/mobile_e2e/Test Results/Screenshots/fail_wait_1782144301.png
[MobileConftest] Captured failure screenshot: /home/runner/work/kisan-mitra-web/kisan-mitra-web/tests/mobile_e2e/Test Results/Screenshots/fail_test_navigation_between_screens_1782144270.png
FAILED
tests/mobile_e2e/test_suites/test_features.py::test_responsive_ui_smoke [MobileConftest] Launching Appium driver targeting: /home/runner/work/kisan-mitra-web/kisan-mitra-web/build/app/outputs/flutter-apk/app-debug.apk
[MobileTest] Performing E2E test login...
[MobileTest] Rotating emulator to LANDSCAPE...
[MobileTest] Orientation change to LANDSCAPE failed or locked: Message: Screen rotation cannot be changed to ROTATION_270 after 2000ms. Is it locked programmatically?
Stacktrace:
io.appium.uiautomator2.common.exceptions.InvalidElementStateException: Screen rotation cannot be changed to ROTATION_270 after 2000ms. Is it locked programmatically?
	at io.appium.uiautomator2.model.internal.CustomUiDevice.setRotationSync(CustomUiDevice.java:226)
	at io.appium.uiautomator2.handler.SetOrientation.safeHandle(SetOrientation.java:41)
	at io.appium.uiautomator2.handler.request.SafeRequestHandler.handle(SafeRequestHandler.java:59)
	at io.appium.uiautomator2.server.AppiumServlet.handleRequest(AppiumServlet.java:267)
	at io.appium.uiautomator2.server.AppiumServlet.handleHttpRequest(AppiumServlet.java:261)
	at io.appium.uiautomator2.http.ServerHandler.channelRead(ServerHandler.java:77)
	at io.netty.channel.AbstractChannelHandlerContext.fireChannelRead(AbstractChannelHandlerContext.java:357)
	at io.netty.handler.codec.MessageToMessageDecoder.channelRead(MessageToMessageDecoder.java:107)
	at io.netty.channel.AbstractChannelHandlerContext.fireChannelRead(AbstractChannelHandlerContext.java:357)
	at io.netty.channel.CombinedChannelDuplexHandler$DelegatingChannelHandlerContext.fireChannelRead(CombinedChannelDuplexHandler.java:434)
	at io.netty.handler.codec.ByteToMessageDecoder.fireChannelRead(ByteToMessageDecoder.java:361)
	at io.netty.handler.codec.ByteToMessageDecoder.channelRead(ByteToMessageDecoder.java:325)
	at io.netty.channel.CombinedChannelDuplexHandler.channelRead(CombinedChannelDuplexHandler.java:249)
	at io.netty.channel.AbstractChannelHandlerContext.fireChannelRead(AbstractChannelHandlerContext.java:355)
	at io.netty.handler.timeout.IdleStateHandler.channelRead(IdleStateHandler.java:288)
	at io.netty.channel.AbstractChannelHandlerContext.fireChannelRead(AbstractChannelHandlerContext.java:355)
	at io.netty.channel.DefaultChannelPipeline$HeadContext.channelRead(DefaultChannelPipeline.java:1429)
	at io.netty.channel.DefaultChannelPipeline.fireChannelRead(DefaultChannelPipeline.java:918)
	at io.netty.channel.nio.AbstractNioByteChannel$NioByteUnsafe.read(AbstractNioByteChannel.java:176)
	at io.netty.channel.nio.AbstractNioChannel$AbstractNioUnsafe.handle(AbstractNioChannel.java:445)
	at io.netty.channel.nio.NioIoHandler$DefaultNioRegistration.handle(NioIoHandler.java:388)
	at io.netty.channel.nio.NioIoHandler.processSelectedKey(NioIoHandler.java:596)
	at io.netty.channel.nio.NioIoHandler.processSelectedKeysOptimized(NioIoHandler.java:571)
	at io.netty.channel.nio.NioIoHandler.processSelectedKeys(NioIoHandler.java:512)
	at io.netty.channel.nio.NioIoHandler.run(NioIoHandler.java:484)
	at io.netty.channel.SingleThreadIoEventLoop.runIo(SingleThreadIoEventLoop.java:225)
	at io.netty.channel.SingleThreadIoEventLoop.run(SingleThreadIoEventLoop.java:196)
	at io.netty.util.concurrent.SingleThreadEventExecutor$5.run(SingleThreadEventExecutor.java:1195)
	at io.netty.util.internal.ThreadExecutorMap$2.run(ThreadExecutorMap.java:74)
	at io.netty.util.concurrent.FastThreadLocalRunnable.run(FastThreadLocalRunnable.java:30)
	at java.lang.Thread.run(Thread.java:919)

[MobileScreenshot] Saved screenshot: /home/runner/work/kisan-mitra-web/kisan-mitra-web/tests/mobile_e2e/Test Results/Screenshots/mobile_layout_landscape_failed.png
[MobileTest] Rotating emulator back to PORTRAIT...
[MobileScreenshot] Saved screenshot: /home/runner/work/kisan-mitra-web/kisan-mitra-web/tests/mobile_e2e/Test Results/Screenshots/mobile_layout_portrait.png
[MobileTest] Orientation rotation smoke test complete.
PASSED

==================================== ERRORS ====================================
_________________ ERROR at setup of test_ai_advisor_page_load __________________

    @pytest.fixture(scope="function")
    def driver():
        """Initializes and yields Appium driver targeting the debug APK."""
        # Resolve APK path relative to conftest.py
        base_dir = os.path.dirname(os.path.dirname(os.path.dirname(os.path.abspath(__file__))))
        apk_path = os.path.join(base_dir, "build", "app", "outputs", "flutter-apk", "app-debug.apk")
    
        options = UiAutomator2Options()
        options.platform_name = "Android"
        options.automation_name = "UiAutomator2"
        options.device_name = "Android Emulator"
        options.app = apk_path
        options.no_reset = False
        options.auto_grant_permissions = True
    
        # Optional settings to allow file/camera access mock
        options.set_capability("gpsEnabled", "true")
    
        print(f"[MobileConftest] Launching Appium driver targeting: {apk_path}")
>       driver = webdriver.Remote(APPIUM_SERVER_URL, options=options)
                 ^^^^^^^^^^^^^^^^^^^^^^^^^^^^^^^^^^^^^^^^^^^^^^^^^^^^

tests/mobile_e2e/conftest.py:32: 
_ _ _ _ _ _ _ _ _ _ _ _ _ _ _ _ _ _ _ _ _ _ _ _ _ _ _ _ _ _ _ _ _ _ _ _ _ _ _ _ 
/opt/hostedtoolcache/Python/3.11.15/x64/lib/python3.11/site-packages/appium/webdriver/webdriver.py:251: in __init__
    super().__init__(
/opt/hostedtoolcache/Python/3.11.15/x64/lib/python3.11/site-packages/selenium/webdriver/remote/webdriver.py:300: in __init__
    self.start_session(capabilities)
/opt/hostedtoolcache/Python/3.11.15/x64/lib/python3.11/site-packages/appium/webdriver/webdriver.py:345: in start_session
    response = self.execute(RemoteCommand.NEW_SESSION, w3c_caps)
               ^^^^^^^^^^^^^^^^^^^^^^^^^^^^^^^^^^^^^^^^^^^^^^^^^
/opt/hostedtoolcache/Python/3.11.15/x64/lib/python3.11/site-packages/selenium/webdriver/remote/webdriver.py:492: in execute
    self.error_handler.check_response(response)
_ _ _ _ _ _ _ _ _ _ _ _ _ _ _ _ _ _ _ _ _ _ _ _ _ _ _ _ _ _ _ _ _ _ _ _ _ _ _ _ 

self = <selenium.webdriver.remote.errorhandler.ErrorHandler object at 0x7f1b42cf81d0>
response = {'status': 500, 'value': '{"value":{"error":"unknown error","message":"Cannot start the \'com.kisanmitra.kisan_mitra\'...e/node/20.20.2/x64/lib/node_modules/appium/node_modules/@appium/base-driver/build/lib/protocol/protocol.js:401:25)"}}'}

    def check_response(self, response: dict[str, Any]) -> None:
        """Check that a JSON response from the WebDriver does not have an error.
    
        Args:
            response: The JSON response from the WebDriver server as a dictionary
                object.
    
        Raises:
            WebDriverException: If the response contains an error message.
        """
        status = response.get("status", None)
        if not status or status == ErrorCode.SUCCESS:
            return
        value = None
        message = response.get("message", "")
        screen: str = response.get("screen", "")
        stacktrace = None
        if isinstance(status, int):
            value_json = response.get("value", None)
            if value_json and isinstance(value_json, str):
                try:
                    value = json.loads(value_json)
                    if isinstance(value, dict):
                        if len(value) == 1:
                            value = value["value"]
                        status = value.get("error", None)
                        if not status:
                            status = value.get("status", ErrorCode.UNKNOWN_ERROR)
                            message = value.get("value") or value.get("message")
                            if not isinstance(message, str):
                                value = message
                                message = message.get("message") if isinstance(message, dict) else None
                        else:
                            message = value.get("message", None)
                except ValueError:
                    pass
    
        exception_class: type[WebDriverException]
        e = ErrorCode()
        error_codes = [item for item in dir(e) if not item.startswith("__")]
        for error_code in error_codes:
            error_info = getattr(ErrorCode, error_code)
            if isinstance(error_info, list) and status in error_info:
                exception_class = getattr(ExceptionMapping, error_code, WebDriverException)
                break
        else:
            exception_class = WebDriverException
    
        if not value:
            value = response["value"]
        if isinstance(value, str):
            raise exception_class(value)
        if message == "" and "message" in value:
            message = value["message"]
    
        screen = None  # type: ignore[assignment]
        if "screen" in value:
            screen = value["screen"]
    
        stacktrace = None
        st_value = value.get("stackTrace") or value.get("stacktrace")
        if st_value:
            if isinstance(st_value, str):
                stacktrace = st_value.split("\n")
            else:
                stacktrace = []
                try:
                    for frame in st_value:
                        line = frame.get("lineNumber", "")
                        file = frame.get("fileName", "<anonymous>")
                        if line:
                            file = f"{file}:{line}"
                        meth = frame.get("methodName", "<anonymous>")
                        if "className" in frame:
                            meth = f"{frame['className']}.{meth}"
                        msg = "    at %s (%s)"
                        msg = msg % (meth, file)
                        stacktrace.append(msg)
                except TypeError:
                    pass
        if exception_class == UnexpectedAlertPresentException:
            alert_text = None
            if "data" in value:
                alert_text = value["data"].get("text")
            elif "alert" in value:
                alert_text = value["alert"].get("text")
            raise exception_class(message, screen, stacktrace, alert_text)
>       raise exception_class(message, screen, stacktrace)
E       selenium.common.exceptions.WebDriverException: Message: Cannot start the 'com.kisanmitra.kisan_mitra' application. Consider checking the driver's troubleshooting documentation. Original error: 'com.kisanmitra.kisan_mitra.MainActivity' never started. Consider checking the driver's troubleshooting documentation.
E       Stacktrace:
E       UnknownError: Cannot start the 'com.kisanmitra.kisan_mitra' application. Consider checking the driver's troubleshooting documentation. Original error: 'com.kisanmitra.kisan_mitra.MainActivity' never started. Consider checking the driver's troubleshooting documentation.
E           at getResponseForW3CError (/opt/hostedtoolcache/node/20.20.2/x64/lib/node_modules/appium/node_modules/@appium/base-driver/build/lib/protocol/errors.js:846:36)
E           at asyncHandler (/opt/hostedtoolcache/node/20.20.2/x64/lib/node_modules/appium/node_modules/@appium/base-driver/build/lib/protocol/protocol.js:485:77)
E           at process.processTicksAndRejections (node:internal/process/task_queues:95:5)
E       The above error is caused by
E       Error: Cannot start the 'com.kisanmitra.kisan_mitra' application. Consider checking the driver's troubleshooting documentation. Original error: 'com.kisanmitra.kisan_mitra.MainActivity' never started. Consider checking the driver's troubleshooting documentation.
E           at ADB.startApp (/home/runner/.appium/node_modules/appium-uiautomator2-driver/node_modules/appium-adb/build/lib/tools/app-commands.js:612:15)
E           at process.processTicksAndRejections (node:internal/process/task_queues:95:5)
E           at async AndroidUiautomator2Driver.ensureAppStarts (/home/runner/.appium/node_modules/appium-uiautomator2-driver/build/lib/commands/aut.js:106:5)
E           at async AndroidUiautomator2Driver.performPostExecSetup [as performSessionPostExecSetup] (/home/runner/.appium/node_modules/appium-uiautomator2-driver/build/lib/uiautomator2-server/session.js:202:9)
E           at async AndroidUiautomator2Driver.startSession [as startUiAutomator2Session] (/home/runner/.appium/node_modules/appium-uiautomator2-driver/build/lib/uiautomator2-server/session.js:260:5)
E           at async AndroidUiautomator2Driver.createSession (/home/runner/.appium/node_modules/appium-uiautomator2-driver/build/lib/driver.js:301:28)
E           at async AppiumDriver.createSession (/opt/hostedtoolcache/node/20.20.2/x64/lib/node_modules/appium/build/lib/appium.js:271:44)
E           at async runCommandPromise (/opt/hostedtoolcache/node/20.20.2/x64/lib/node_modules/appium/node_modules/@appium/base-driver/build/lib/basedriver/driver.js:119:24)
E           at async AppiumDriver.executeCommand (/opt/hostedtoolcache/node/20.20.2/x64/lib/node_modules/appium/node_modules/@appium/base-driver/build/lib/basedriver/driver.js:162:15)
E           at async defaultBehavior (/opt/hostedtoolcache/node/20.20.2/x64/lib/node_modules/appium/build/lib/appium.js:582:24)
E           at async AppiumDriver.executeWrappedCommand (/opt/hostedtoolcache/node/20.20.2/x64/lib/node_modules/appium/build/lib/appium.js:694:22)
E           at async AppiumDriver.executeCommand (/opt/hostedtoolcache/node/20.20.2/x64/lib/node_modules/appium/build/lib/appium.js:598:21)
E           at async asyncHandler (/opt/hostedtoolcache/node/20.20.2/x64/lib/node_modules/appium/node_modules/@appium/base-driver/build/lib/protocol/protocol.js:401:25)

/opt/hostedtoolcache/Python/3.11.15/x64/lib/python3.11/site-packages/selenium/webdriver/remote/errorhandler.py:232: WebDriverException
=================================== FAILURES ===================================
_________________________ test_auth_client_validation __________________________

driver = <appium.webdriver.webdriver.WebDriver (session="50950a0e-83f8-41bf-92b7-90c03fa32000")>

    def test_auth_client_validation(driver):
        """Test that login validation fails when submitting empty fields on mobile."""
        time.sleep(5)  # Wait for app to boot on emulator
    
        login_page = LoginPage(driver)
        login_page.capture_screenshot("mobile_login_screen_load")
    
        # Submit empty fields
>       login_page.click(login_page.SUBMIT_BUTTON)

tests/mobile_e2e/test_suites/test_auth.py:12: 
_ _ _ _ _ _ _ _ _ _ _ _ _ _ _ _ _ _ _ _ _ _ _ _ _ _ _ _ _ _ _ _ _ _ _ _ _ _ _ _ 
tests/mobile_e2e/pages/base_page.py:26: in click
    element = self.wait_for_element(locator)
              ^^^^^^^^^^^^^^^^^^^^^^^^^^^^^^
tests/mobile_e2e/pages/base_page.py:22: in wait_for_element
    raise e
tests/mobile_e2e/pages/base_page.py:17: in wait_for_element
    return WebDriverWait(self.driver, self.timeout).until(
/opt/hostedtoolcache/Python/3.11.15/x64/lib/python3.11/site-packages/selenium/webdriver/support/wait.py:112: in until
    value = method(self._driver)
            ^^^^^^^^^^^^^^^^^^^^
/opt/hostedtoolcache/Python/3.11.15/x64/lib/python3.11/site-packages/selenium/webdriver/support/expected_conditions.py:188: in _predicate
    return _element_if_visible(driver.find_element(*locator))
                               ^^^^^^^^^^^^^^^^^^^^^^^^^^^^^
/opt/hostedtoolcache/Python/3.11.15/x64/lib/python3.11/site-packages/selenium/webdriver/remote/webdriver.py:899: in find_element
    return self.execute(Command.FIND_ELEMENT, {"using": by, "value": value})["value"]
           ^^^^^^^^^^^^^^^^^^^^^^^^^^^^^^^^^^^^^^^^^^^^^^^^^^^^^^^^^^^^^^^^^
/opt/hostedtoolcache/Python/3.11.15/x64/lib/python3.11/site-packages/selenium/webdriver/remote/webdriver.py:492: in execute
    self.error_handler.check_response(response)
_ _ _ _ _ _ _ _ _ _ _ _ _ _ _ _ _ _ _ _ _ _ _ _ _ _ _ _ _ _ _ _ _ _ _ _ _ _ _ _ 

self = <appium.webdriver.errorhandler.MobileErrorHandler object at 0x7f1b435a4a90>
response = {'status': 500, 'value': '{"value":{"error":"unknown error","message":"Timed out after 10506ms waiting for the root Ac...r2.core.AccessibilityNodeInfoDumper.findNodesUsingXpath2(AccessibilityNodeInfoDumper.java:327)\\n\\t... 33 more\\n"}}'}

    def check_response(self, response: Dict[str, Any]) -> None:
        """
        https://www.w3.org/TR/webdriver/#errors
        """
        payload = response.get('value', '')
        if isinstance(payload, dict):
            payload_dict = payload
        else:
            try:
                payload_dict = json.loads(payload)
            except (json.JSONDecodeError, TypeError):
                return
            if not isinstance(payload_dict, dict):
                return
        value = payload_dict.get('value')
        if not isinstance(value, dict):
            return
        error = value.get('error')
        if not error:
            return
    
        message = value.get('message', error)
        stacktrace = value.get('stacktrace', '')
        # In theory, we should also be checking HTTP status codes.
        # Java client, for example, prints a warning if the actual `error`
        # value does not match to the response's HTTP status code.
        exception_class: Type[sel_exceptions.WebDriverException] = ERROR_TO_EXC_MAPPING.get(
            error, sel_exceptions.WebDriverException
        )
        if exception_class is sel_exceptions.WebDriverException and message:
            if message == 'No such context found.':
                exception_class = appium_exceptions.NoSuchContextException
            elif message == 'That command could not be executed in the current context.':
                exception_class = appium_exceptions.InvalidSwitchToTargetException
    
        if exception_class is sel_exceptions.UnexpectedAlertPresentException:
            raise sel_exceptions.UnexpectedAlertPresentException(
                msg=message,
                stacktrace=format_stacktrace(stacktrace),
                alert_text=value.get('data'),
            )
>       raise exception_class(msg=message, stacktrace=format_stacktrace(stacktrace))
E       selenium.common.exceptions.WebDriverException: Message: Timed out after 10506ms waiting for the root AccessibilityNodeInfo in the active window. Make sure the active window is not constantly hogging the main UI thread (e.g. the application is being idle long enough), so the accessibility manager could do its work. Try changing the 'enforceXPath1' driver setting to 'true' in order to workaround the problem.
E       Stacktrace:
E       io.appium.uiautomator2.common.exceptions.UiAutomator2Exception: Timed out after 10506ms waiting for the root AccessibilityNodeInfo in the active window. Make sure the active window is not constantly hogging the main UI thread (e.g. the application is being idle long enough), so the accessibility manager could do its work. Try changing the 'enforceXPath1' driver setting to 'true' in order to workaround the problem.
E       	at io.appium.uiautomator2.core.AccessibilityNodeInfoDumper.findNodesUsingXpath2(AccessibilityNodeInfoDumper.java:366)
E       	at io.appium.uiautomator2.core.AccessibilityNodeInfoDumper.findNodes(AccessibilityNodeInfoDumper.java:378)
E       	at io.appium.uiautomator2.utils.ElementLocationHelpers.getXPathNodeMatch(ElementLocationHelpers.java:124)
E       	at io.appium.uiautomator2.utils.ElementLocationHelpers.findElement(ElementLocationHelpers.java:151)
E       	at io.appium.uiautomator2.handler.FindElement.safeHandle(FindElement.java:60)
E       	at io.appium.uiautomator2.handler.request.SafeRequestHandler.handle(SafeRequestHandler.java:59)
E       	at io.appium.uiautomator2.server.AppiumServlet.handleRequest(AppiumServlet.java:267)
E       	at io.appium.uiautomator2.server.AppiumServlet.handleHttpRequest(AppiumServlet.java:261)
E       	at io.appium.uiautomator2.http.ServerHandler.channelRead(ServerHandler.java:77)
E       	at io.netty.channel.AbstractChannelHandlerContext.fireChannelRead(AbstractChannelHandlerContext.java:357)
E       	at io.netty.handler.codec.MessageToMessageDecoder.channelRead(MessageToMessageDecoder.java:107)
E       	at io.netty.channel.AbstractChannelHandlerContext.fireChannelRead(AbstractChannelHandlerContext.java:357)
E       	at io.netty.channel.CombinedChannelDuplexHandler$DelegatingChannelHandlerContext.fireChannelRead(CombinedChannelDuplexHandler.java:434)
E       	at io.netty.handler.codec.ByteToMessageDecoder.fireChannelRead(ByteToMessageDecoder.java:361)
E       	at io.netty.handler.codec.ByteToMessageDecoder.channelRead(ByteToMessageDecoder.java:325)
E       	at io.netty.channel.CombinedChannelDuplexHandler.channelRead(CombinedChannelDuplexHandler.java:249)
E       	at io.netty.channel.AbstractChannelHandlerContext.fireChannelRead(AbstractChannelHandlerContext.java:355)
E       	at io.netty.handler.timeout.IdleStateHandler.channelRead(IdleStateHandler.java:288)
E       	at io.netty.channel.AbstractChannelHandlerContext.fireChannelRead(AbstractChannelHandlerContext.java:355)
E       	at io.netty.channel.DefaultChannelPipeline$HeadContext.channelRead(DefaultChannelPipeline.java:1429)
E       	at io.netty.channel.DefaultChannelPipeline.fireChannelRead(DefaultChannelPipeline.java:918)
E       	at io.netty.channel.nio.AbstractNioByteChannel$NioByteUnsafe.read(AbstractNioByteChannel.java:176)
E       	at io.netty.channel.nio.AbstractNioChannel$AbstractNioUnsafe.handle(AbstractNioChannel.java:445)
E       	at io.netty.channel.nio.NioIoHandler$DefaultNioRegistration.handle(NioIoHandler.java:388)
E       	at io.netty.channel.nio.NioIoHandler.processSelectedKey(NioIoHandler.java:596)
E       	at io.netty.channel.nio.NioIoHandler.processSelectedKeysOptimized(NioIoHandler.java:571)
E       	at io.netty.channel.nio.NioIoHandler.processSelectedKeys(NioIoHandler.java:512)
E       	at io.netty.channel.nio.NioIoHandler.run(NioIoHandler.java:484)
E       	at io.netty.channel.SingleThreadIoEventLoop.runIo(SingleThreadIoEventLoop.java:225)
E       	at io.netty.channel.SingleThreadIoEventLoop.run(SingleThreadIoEventLoop.java:196)
E       	at io.netty.util.concurrent.SingleThreadEventExecutor$5.run(SingleThreadEventExecutor.java:1195)
E       	at io.netty.util.internal.ThreadExecutorMap$2.run(ThreadExecutorMap.java:74)
E       	at io.netty.util.concurrent.FastThreadLocalRunnable.run(FastThreadLocalRunnable.java:30)
E       	at java.lang.Thread.run(Thread.java:919)
E       Caused by: io.appium.uiautomator2.common.exceptions.UiAutomator2Exception: Timed out after 10506ms waiting for the root AccessibilityNodeInfo in the active window. Make sure the active window is not constantly hogging the main UI thread (e.g. the application is being idle long enough), so the accessibility manager could do its work
E       	at io.appium.uiautomator2.utils.AXWindowHelpers.getActiveWindowRoot(AXWindowHelpers.java:107)
E       	at io.appium.uiautomator2.utils.AXWindowHelpers.retrieveWindowRoots(AXWindowHelpers.java:87)
E       	at io.appium.uiautomator2.utils.AXWindowHelpers.getCachedWindowRoots(AXWindowHelpers.java:68)
E       	at io.appium.uiautomator2.core.AccessibilityNodeInfoDumper.toStream(AccessibilityNodeInfoDumper.java:228)
E       	at io.appium.uiautomator2.core.AccessibilityNodeInfoDumper.findNodesUsingXpath2(AccessibilityNodeInfoDumper.java:327)
E       	... 33 more

/opt/hostedtoolcache/Python/3.11.15/x64/lib/python3.11/site-packages/appium/webdriver/errorhandler.py:125: WebDriverException
_____________________________ test_home_page_load ______________________________

auth_driver = <appium.webdriver.webdriver.WebDriver (session="e8f21537-f62a-45e9-813e-5ac08c866214")>

    def test_home_page_load(auth_driver):
        """Verify that the Home dashboard loads successfully after login."""
        home_page = HomePage(auth_driver)
        # Verify that the Crops tab on the home bottom nav is visible (proves home page has loaded)
>       assert home_page.wait_for_element(home_page.CROPS_TAB) is not None, "Home screen failed to load (Crops tab not found)"
               ^^^^^^^^^^^^^^^^^^^^^^^^^^^^^^^^^^^^^^^^^^^^^^^

tests/mobile_e2e/test_suites/test_features.py:22: 
_ _ _ _ _ _ _ _ _ _ _ _ _ _ _ _ _ _ _ _ _ _ _ _ _ _ _ _ _ _ _ _ _ _ _ _ _ _ _ _ 
tests/mobile_e2e/pages/base_page.py:22: in wait_for_element
    raise e
tests/mobile_e2e/pages/base_page.py:17: in wait_for_element
    return WebDriverWait(self.driver, self.timeout).until(
_ _ _ _ _ _ _ _ _ _ _ _ _ _ _ _ _ _ _ _ _ _ _ _ _ _ _ _ _ _ _ _ _ _ _ _ _ _ _ _ 

self = <selenium.webdriver.support.wait.WebDriverWait (session="e8f21537-f62a-45e9-813e-5ac08c866214")>
method = <function visibility_of_element_located.<locals>._predicate at 0x7f1b42d73420>
message = ''

    def until(self, method: Callable[[D], Literal[False] | T], message: str = "") -> T:
        """Wait until the method returns a value that is not False.
    
        Calls the method provided with the driver as an argument until the
        return value does not evaluate to ``False``.
    
        Args:
            method: A callable object that takes a WebDriver instance as an
                argument.
            message: Optional message for TimeoutException.
    
        Returns:
            The result of the last call to `method`.
    
        Raises:
            TimeoutException: If 'method' does not return a truthy value within
                the WebDriverWait object's timeout.
    
        Example:
            >>> from selenium.webdriver.common.by import By
            >>> from selenium.webdriver.support.ui import WebDriverWait
            >>> from selenium.webdriver.support import expected_conditions as EC
            >>>
            >>> # Wait until an element is visible on the page
            >>> wait = WebDriverWait(driver, 10)
            >>> element = wait.until(EC.visibility_of_element_located((By.ID, "exampleId")))
            >>> print(element.text)
        """
        screen = None
        stacktrace = None
    
        end_time = time.monotonic() + self._timeout
        while True:
            try:
                value = method(self._driver)
                if value:
                    return value
            except self._ignored_exceptions as exc:
                screen = getattr(exc, "screen", None)
                stacktrace = getattr(exc, "stacktrace", None)
            if time.monotonic() > end_time:
                break
            time.sleep(self._poll)
>       raise TimeoutException(message, screen, stacktrace)
E       selenium.common.exceptions.TimeoutException: Message: 
E       Stacktrace:
E       NoSuchElementError: An element could not be located on the page using the given search parameters.
E           at AndroidUiautomator2Driver.findElOrEls (/home/runner/.appium/node_modules/appium-uiautomator2-driver/node_modules/appium-android-driver/build/lib/commands/find.js:62:15)
E           at process.processTicksAndRejections (node:internal/process/task_queues:95:5)
E           at async AndroidUiautomator2Driver.findElOrElsWithProcessing (/opt/hostedtoolcache/node/20.20.2/x64/lib/node_modules/appium/node_modules/@appium/base-driver/build/lib/basedriver/commands/find.js:12:16)
E           at async AndroidUiautomator2Driver.findElement (/opt/hostedtoolcache/node/20.20.2/x64/lib/node_modules/appium/node_modules/@appium/base-driver/build/lib/basedriver/commands/find.js:28:16)
E           at async runCommandPromise (/opt/hostedtoolcache/node/20.20.2/x64/lib/node_modules/appium/node_modules/@appium/base-driver/build/lib/basedriver/driver.js:119:24)

/opt/hostedtoolcache/Python/3.11.15/x64/lib/python3.11/site-packages/selenium/webdriver/support/wait.py:121: TimeoutException
_________________________ test_market_prices_page_load _________________________

auth_driver = <appium.webdriver.webdriver.WebDriver (session="a8bdf10f-5cbb-4cef-9399-19ac3ed58974")>

    def test_market_prices_page_load(auth_driver):
        """Verify that the Market Prices page opens successfully."""
        home_page = HomePage(auth_driver)
        # Navigate to Market tab
>       home_page.click(home_page.MARKET_TAB)

tests/mobile_e2e/test_suites/test_features.py:30: 
_ _ _ _ _ _ _ _ _ _ _ _ _ _ _ _ _ _ _ _ _ _ _ _ _ _ _ _ _ _ _ _ _ _ _ _ _ _ _ _ 
tests/mobile_e2e/pages/base_page.py:26: in click
    element = self.wait_for_element(locator)
              ^^^^^^^^^^^^^^^^^^^^^^^^^^^^^^
tests/mobile_e2e/pages/base_page.py:22: in wait_for_element
    raise e
tests/mobile_e2e/pages/base_page.py:17: in wait_for_element
    return WebDriverWait(self.driver, self.timeout).until(
_ _ _ _ _ _ _ _ _ _ _ _ _ _ _ _ _ _ _ _ _ _ _ _ _ _ _ _ _ _ _ _ _ _ _ _ _ _ _ _ 

self = <selenium.webdriver.support.wait.WebDriverWait (session="a8bdf10f-5cbb-4cef-9399-19ac3ed58974")>
method = <function visibility_of_element_located.<locals>._predicate at 0x7f1b42d90720>
message = ''

    def until(self, method: Callable[[D], Literal[False] | T], message: str = "") -> T:
        """Wait until the method returns a value that is not False.
    
        Calls the method provided with the driver as an argument until the
        return value does not evaluate to ``False``.
    
        Args:
            method: A callable object that takes a WebDriver instance as an
                argument.
            message: Optional message for TimeoutException.
    
        Returns:
            The result of the last call to `method`.
    
        Raises:
            TimeoutException: If 'method' does not return a truthy value within
                the WebDriverWait object's timeout.
    
        Example:
            >>> from selenium.webdriver.common.by import By
            >>> from selenium.webdriver.support.ui import WebDriverWait
            >>> from selenium.webdriver.support import expected_conditions as EC
            >>>
            >>> # Wait until an element is visible on the page
            >>> wait = WebDriverWait(driver, 10)
            >>> element = wait.until(EC.visibility_of_element_located((By.ID, "exampleId")))
            >>> print(element.text)
        """
        screen = None
        stacktrace = None
    
        end_time = time.monotonic() + self._timeout
        while True:
            try:
                value = method(self._driver)
                if value:
                    return value
            except self._ignored_exceptions as exc:
                screen = getattr(exc, "screen", None)
                stacktrace = getattr(exc, "stacktrace", None)
            if time.monotonic() > end_time:
                break
            time.sleep(self._poll)
>       raise TimeoutException(message, screen, stacktrace)
E       selenium.common.exceptions.TimeoutException: Message: 
E       Stacktrace:
E       NoSuchElementError: An element could not be located on the page using the given search parameters.
E           at AndroidUiautomator2Driver.findElOrEls (/home/runner/.appium/node_modules/appium-uiautomator2-driver/node_modules/appium-android-driver/build/lib/commands/find.js:62:15)
E           at process.processTicksAndRejections (node:internal/process/task_queues:95:5)
E           at async AndroidUiautomator2Driver.findElOrElsWithProcessing (/opt/hostedtoolcache/node/20.20.2/x64/lib/node_modules/appium/node_modules/@appium/base-driver/build/lib/basedriver/commands/find.js:12:16)
E           at async AndroidUiautomator2Driver.findElement (/opt/hostedtoolcache/node/20.20.2/x64/lib/node_modules/appium/node_modules/@appium/base-driver/build/lib/basedriver/commands/find.js:28:16)
E           at async runCommandPromise (/opt/hostedtoolcache/node/20.20.2/x64/lib/node_modules/appium/node_modules/@appium/base-driver/build/lib/basedriver/driver.js:119:24)

/opt/hostedtoolcache/Python/3.11.15/x64/lib/python3.11/site-packages/selenium/webdriver/support/wait.py:121: TimeoutException
________________________ test_disease_scanner_page_load ________________________

auth_driver = <appium.webdriver.webdriver.WebDriver (session="a7f708f9-3807-4d6e-8d5c-ac85e471cf8a")>

    def test_disease_scanner_page_load(auth_driver):
        """Verify that the Disease Scanner interface opens successfully."""
        home_page = HomePage(auth_driver)
        # Click Scan Disease quick action card
>       home_page.click(home_page.SCAN_DISEASE_TILE)

tests/mobile_e2e/test_suites/test_features.py:61: 
_ _ _ _ _ _ _ _ _ _ _ _ _ _ _ _ _ _ _ _ _ _ _ _ _ _ _ _ _ _ _ _ _ _ _ _ _ _ _ _ 
tests/mobile_e2e/pages/base_page.py:26: in click
    element = self.wait_for_element(locator)
              ^^^^^^^^^^^^^^^^^^^^^^^^^^^^^^
tests/mobile_e2e/pages/base_page.py:22: in wait_for_element
    raise e
tests/mobile_e2e/pages/base_page.py:17: in wait_for_element
    return WebDriverWait(self.driver, self.timeout).until(
_ _ _ _ _ _ _ _ _ _ _ _ _ _ _ _ _ _ _ _ _ _ _ _ _ _ _ _ _ _ _ _ _ _ _ _ _ _ _ _ 

self = <selenium.webdriver.support.wait.WebDriverWait (session="a7f708f9-3807-4d6e-8d5c-ac85e471cf8a")>
method = <function visibility_of_element_located.<locals>._predicate at 0x7f1b42d92020>
message = ''

    def until(self, method: Callable[[D], Literal[False] | T], message: str = "") -> T:
        """Wait until the method returns a value that is not False.
    
        Calls the method provided with the driver as an argument until the
        return value does not evaluate to ``False``.
    
        Args:
            method: A callable object that takes a WebDriver instance as an
                argument.
            message: Optional message for TimeoutException.
    
        Returns:
            The result of the last call to `method`.
    
        Raises:
            TimeoutException: If 'method' does not return a truthy value within
                the WebDriverWait object's timeout.
    
        Example:
            >>> from selenium.webdriver.common.by import By
            >>> from selenium.webdriver.support.ui import WebDriverWait
            >>> from selenium.webdriver.support import expected_conditions as EC
            >>>
            >>> # Wait until an element is visible on the page
            >>> wait = WebDriverWait(driver, 10)
            >>> element = wait.until(EC.visibility_of_element_located((By.ID, "exampleId")))
            >>> print(element.text)
        """
        screen = None
        stacktrace = None
    
        end_time = time.monotonic() + self._timeout
        while True:
            try:
                value = method(self._driver)
                if value:
                    return value
            except self._ignored_exceptions as exc:
                screen = getattr(exc, "screen", None)
                stacktrace = getattr(exc, "stacktrace", None)
            if time.monotonic() > end_time:
                break
            time.sleep(self._poll)
>       raise TimeoutException(message, screen, stacktrace)
E       selenium.common.exceptions.TimeoutException: Message: 
E       Stacktrace:
E       NoSuchElementError: An element could not be located on the page using the given search parameters.
E           at AndroidUiautomator2Driver.findElOrEls (/home/runner/.appium/node_modules/appium-uiautomator2-driver/node_modules/appium-android-driver/build/lib/commands/find.js:62:15)
E           at process.processTicksAndRejections (node:internal/process/task_queues:95:5)
E           at async AndroidUiautomator2Driver.findElOrElsWithProcessing (/opt/hostedtoolcache/node/20.20.2/x64/lib/node_modules/appium/node_modules/@appium/base-driver/build/lib/basedriver/commands/find.js:12:16)
E           at async AndroidUiautomator2Driver.findElement (/opt/hostedtoolcache/node/20.20.2/x64/lib/node_modules/appium/node_modules/@appium/base-driver/build/lib/basedriver/commands/find.js:28:16)
E           at async runCommandPromise (/opt/hostedtoolcache/node/20.20.2/x64/lib/node_modules/appium/node_modules/@appium/base-driver/build/lib/basedriver/driver.js:119:24)

/opt/hostedtoolcache/Python/3.11.15/x64/lib/python3.11/site-packages/selenium/webdriver/support/wait.py:121: TimeoutException
_______________________ test_navigation_between_screens ________________________

auth_driver = <appium.webdriver.webdriver.WebDriver (session="61988b49-6ff6-4092-a7a8-e36c195460e6")>

    def test_navigation_between_screens(auth_driver):
        """Verify navigation flows between different main sections of the app."""
        home_page = HomePage(auth_driver)
        from selenium.webdriver.common.by import By
    
        # Go to Crops
>       home_page.click(home_page.CROPS_TAB)

tests/mobile_e2e/test_suites/test_features.py:79: 
_ _ _ _ _ _ _ _ _ _ _ _ _ _ _ _ _ _ _ _ _ _ _ _ _ _ _ _ _ _ _ _ _ _ _ _ _ _ _ _ 
tests/mobile_e2e/pages/base_page.py:26: in click
    element = self.wait_for_element(locator)
              ^^^^^^^^^^^^^^^^^^^^^^^^^^^^^^
tests/mobile_e2e/pages/base_page.py:22: in wait_for_element
    raise e
tests/mobile_e2e/pages/base_page.py:17: in wait_for_element
    return WebDriverWait(self.driver, self.timeout).until(
_ _ _ _ _ _ _ _ _ _ _ _ _ _ _ _ _ _ _ _ _ _ _ _ _ _ _ _ _ _ _ _ _ _ _ _ _ _ _ _ 

self = <selenium.webdriver.support.wait.WebDriverWait (session="61988b49-6ff6-4092-a7a8-e36c195460e6")>
method = <function visibility_of_element_located.<locals>._predicate at 0x7f1b42d91300>
message = ''

    def until(self, method: Callable[[D], Literal[False] | T], message: str = "") -> T:
        """Wait until the method returns a value that is not False.
    
        Calls the method provided with the driver as an argument until the
        return value does not evaluate to ``False``.
    
        Args:
            method: A callable object that takes a WebDriver instance as an
                argument.
            message: Optional message for TimeoutException.
    
        Returns:
            The result of the last call to `method`.
    
        Raises:
            TimeoutException: If 'method' does not return a truthy value within
                the WebDriverWait object's timeout.
    
        Example:
            >>> from selenium.webdriver.common.by import By
            >>> from selenium.webdriver.support.ui import WebDriverWait
            >>> from selenium.webdriver.support import expected_conditions as EC
            >>>
            >>> # Wait until an element is visible on the page
            >>> wait = WebDriverWait(driver, 10)
            >>> element = wait.until(EC.visibility_of_element_located((By.ID, "exampleId")))
            >>> print(element.text)
        """
        screen = None
        stacktrace = None
    
        end_time = time.monotonic() + self._timeout
        while True:
            try:
                value = method(self._driver)
                if value:
                    return value
            except self._ignored_exceptions as exc:
                screen = getattr(exc, "screen", None)
                stacktrace = getattr(exc, "stacktrace", None)
            if time.monotonic() > end_time:
                break
            time.sleep(self._poll)
>       raise TimeoutException(message, screen, stacktrace)
E       selenium.common.exceptions.TimeoutException: Message: 
E       Stacktrace:
E       NoSuchElementError: An element could not be located on the page using the given search parameters.
E           at AndroidUiautomator2Driver.findElOrEls (/home/runner/.appium/node_modules/appium-uiautomator2-driver/node_modules/appium-android-driver/build/lib/commands/find.js:62:15)
E           at process.processTicksAndRejections (node:internal/process/task_queues:95:5)
E           at async AndroidUiautomator2Driver.findElOrElsWithProcessing (/opt/hostedtoolcache/node/20.20.2/x64/lib/node_modules/appium/node_modules/@appium/base-driver/build/lib/basedriver/commands/find.js:12:16)
E           at async AndroidUiautomator2Driver.findElement (/opt/hostedtoolcache/node/20.20.2/x64/lib/node_modules/appium/node_modules/@appium/base-driver/build/lib/basedriver/commands/find.js:28:16)
E           at async runCommandPromise (/opt/hostedtoolcache/node/20.20.2/x64/lib/node_modules/appium/node_modules/@appium/base-driver/build/lib/basedriver/driver.js:119:24)

/opt/hostedtoolcache/Python/3.11.15/x64/lib/python3.11/site-packages/selenium/webdriver/support/wait.py:121: TimeoutException
=========================== short test summary info ============================
FAILED tests/mobile_e2e/test_suites/test_auth.py::test_auth_client_validation - selenium.common.exceptions.WebDriverException: Message: Timed out after 10506ms waiting for the root AccessibilityNodeInfo in the active window. Make sure the active window is not constantly hogging the main UI thread (e.g. the application is being idle long enough), so the accessibility manager could do its work. Try changing the 'enforceXPath1' driver setting to 'true' in order to workaround the problem.
Stacktrace:
io.appium.uiautomator2.common.exceptions.UiAutomator2Exception: Timed out after 10506ms waiting for the root AccessibilityNodeInfo in the active window. Make sure the active window is not constantly hogging the main UI thread (e.g. the application is being idle long enough), so the accessibility manager could do its work. Try changing the 'enforceXPath1' driver setting to 'true' in order to workaround the problem.
	at io.appium.uiautomator2.core.AccessibilityNodeInfoDumper.findNodesUsingXpath2(AccessibilityNodeInfoDumper.java:366)
	at io.appium.uiautomator2.core.AccessibilityNodeInfoDumper.findNodes(AccessibilityNodeInfoDumper.java:378)
	at io.appium.uiautomator2.utils.ElementLocationHelpers.getXPathNodeMatch(ElementLocationHelpers.java:124)
	at io.appium.uiautomator2.utils.ElementLocationHelpers.findElement(ElementLocationHelpers.java:151)
	at io.appium.uiautomator2.handler.FindElement.safeHandle(FindElement.java:60)
	at io.appium.uiautomator2.handler.request.SafeRequestHandler.handle(SafeRequestHandler.java:59)
	at io.appium.uiautomator2.server.AppiumServlet.handleRequest(AppiumServlet.java:267)
	at io.appium.uiautomator2.server.AppiumServlet.handleHttpRequest(AppiumServlet.java:261)
	at io.appium.uiautomator2.http.ServerHandler.channelRead(ServerHandler.java:77)
	at io.netty.channel.AbstractChannelHandlerContext.fireChannelRead(AbstractChannelHandlerContext.java:357)
	at io.netty.handler.codec.MessageToMessageDecoder.channelRead(MessageToMessageDecoder.java:107)
	at io.netty.channel.AbstractChannelHandlerContext.fireChannelRead(AbstractChannelHandlerContext.java:357)
	at io.netty.channel.CombinedChannelDuplexHandler$DelegatingChannelHandlerContext.fireChannelRead(CombinedChannelDuplexHandler.java:434)
	at io.netty.handler.codec.ByteToMessageDecoder.fireChannelRead(ByteToMessageDecoder.java:361)
	at io.netty.handler.codec.ByteToMessageDecoder.channelRead(ByteToMessageDecoder.java:325)
	at io.netty.channel.CombinedChannelDuplexHandler.channelRead(CombinedChannelDuplexHandler.java:249)
	at io.netty.channel.AbstractChannelHandlerContext.fireChannelRead(AbstractChannelHandlerContext.java:355)
	at io.netty.handler.timeout.IdleStateHandler.channelRead(IdleStateHandler.java:288)
	at io.netty.channel.AbstractChannelHandlerContext.fireChannelRead(AbstractChannelHandlerContext.java:355)
	at io.netty.channel.DefaultChannelPipeline$HeadContext.channelRead(DefaultChannelPipeline.java:1429)
	at io.netty.channel.DefaultChannelPipeline.fireChannelRead(DefaultChannelPipeline.java:918)
	at io.netty.channel.nio.AbstractNioByteChannel$NioByteUnsafe.read(AbstractNioByteChannel.java:176)
	at io.netty.channel.nio.AbstractNioChannel$AbstractNioUnsafe.handle(AbstractNioChannel.java:445)
	at io.netty.channel.nio.NioIoHandler$DefaultNioRegistration.handle(NioIoHandler.java:388)
	at io.netty.channel.nio.NioIoHandler.processSelectedKey(NioIoHandler.java:596)
	at io.netty.channel.nio.NioIoHandler.processSelectedKeysOptimized(NioIoHandler.java:571)
	at io.netty.channel.nio.NioIoHandler.processSelectedKeys(NioIoHandler.java:512)
	at io.netty.channel.nio.NioIoHandler.run(NioIoHandler.java:484)
	at io.netty.channel.SingleThreadIoEventLoop.runIo(SingleThreadIoEventLoop.java:225)
	at io.netty.channel.SingleThreadIoEventLoop.run(SingleThreadIoEventLoop.java:196)
	at io.netty.util.concurrent.SingleThreadEventExecutor$5.run(SingleThreadEventExecutor.java:1195)
	at io.netty.util.internal.ThreadExecutorMap$2.run(ThreadExecutorMap.java:74)
	at io.netty.util.concurrent.FastThreadLocalRunnable.run(FastThreadLocalRunnable.java:30)
	at java.lang.Thread.run(Thread.java:919)
Caused by: io.appium.uiautomator2.common.exceptions.UiAutomator2Exception: Timed out after 10506ms waiting for the root AccessibilityNodeInfo in the active window. Make sure the active window is not constantly hogging the main UI thread (e.g. the application is being idle long enough), so the accessibility manager could do its work
	at io.appium.uiautomator2.utils.AXWindowHelpers.getActiveWindowRoot(AXWindowHelpers.java:107)
	at io.appium.uiautomator2.utils.AXWindowHelpers.retrieveWindowRoots(AXWindowHelpers.java:87)
	at io.appium.uiautomator2.utils.AXWindowHelpers.getCachedWindowRoots(AXWindowHelpers.java:68)
	at io.appium.uiautomator2.core.AccessibilityNodeInfoDumper.toStream(AccessibilityNodeInfoDumper.java:228)
	at io.appium.uiautomator2.core.AccessibilityNodeInfoDumper.findNodesUsingXpath2(AccessibilityNodeInfoDumper.java:327)
	... 33 more
FAILED tests/mobile_e2e/test_suites/test_features.py::test_home_page_load - selenium.common.exceptions.TimeoutException: Message: 
Stacktrace:
NoSuchElementError: An element could not be located on the page using the given search parameters.
    at AndroidUiautomator2Driver.findElOrEls (/home/runner/.appium/node_modules/appium-uiautomator2-driver/node_modules/appium-android-driver/build/lib/commands/find.js:62:15)
    at process.processTicksAndRejections (node:internal/process/task_queues:95:5)
    at async AndroidUiautomator2Driver.findElOrElsWithProcessing (/opt/hostedtoolcache/node/20.20.2/x64/lib/node_modules/appium/node_modules/@appium/base-driver/build/lib/basedriver/commands/find.js:12:16)
    at async AndroidUiautomator2Driver.findElement (/opt/hostedtoolcache/node/20.20.2/x64/lib/node_modules/appium/node_modules/@appium/base-driver/build/lib/basedriver/commands/find.js:28:16)
    at async runCommandPromise (/opt/hostedtoolcache/node/20.20.2/x64/lib/node_modules/appium/node_modules/@appium/base-driver/build/lib/basedriver/driver.js:119:24)
FAILED tests/mobile_e2e/test_suites/test_features.py::test_market_prices_page_load - selenium.common.exceptions.TimeoutException: Message: 
Stacktrace:
NoSuchElementError: An element could not be located on the page using the given search parameters.
    at AndroidUiautomator2Driver.findElOrEls (/home/runner/.appium/node_modules/appium-uiautomator2-driver/node_modules/appium-android-driver/build/lib/commands/find.js:62:15)
    at process.processTicksAndRejections (node:internal/process/task_queues:95:5)
    at async AndroidUiautomator2Driver.findElOrElsWithProcessing (/opt/hostedtoolcache/node/20.20.2/x64/lib/node_modules/appium/node_modules/@appium/base-driver/build/lib/basedriver/commands/find.js:12:16)
    at async AndroidUiautomator2Driver.findElement (/opt/hostedtoolcache/node/20.20.2/x64/lib/node_modules/appium/node_modules/@appium/base-driver/build/lib/basedriver/commands/find.js:28:16)
    at async runCommandPromise (/opt/hostedtoolcache/node/20.20.2/x64/lib/node_modules/appium/node_modules/@appium/base-driver/build/lib/basedriver/driver.js:119:24)
FAILED tests/mobile_e2e/test_suites/test_features.py::test_disease_scanner_page_load - selenium.common.exceptions.TimeoutException: Message: 
Stacktrace:
NoSuchElementError: An element could not be located on the page using the given search parameters.
    at AndroidUiautomator2Driver.findElOrEls (/home/runner/.appium/node_modules/appium-uiautomator2-driver/node_modules/appium-android-driver/build/lib/commands/find.js:62:15)
    at process.processTicksAndRejections (node:internal/process/task_queues:95:5)
    at async AndroidUiautomator2Driver.findElOrElsWithProcessing (/opt/hostedtoolcache/node/20.20.2/x64/lib/node_modules/appium/node_modules/@appium/base-driver/build/lib/basedriver/commands/find.js:12:16)
    at async AndroidUiautomator2Driver.findElement (/opt/hostedtoolcache/node/20.20.2/x64/lib/node_modules/appium/node_modules/@appium/base-driver/build/lib/basedriver/commands/find.js:28:16)
    at async runCommandPromise (/opt/hostedtoolcache/node/20.20.2/x64/lib/node_modules/appium/node_modules/@appium/base-driver/build/lib/basedriver/driver.js:119:24)
FAILED tests/mobile_e2e/test_suites/test_features.py::test_navigation_between_screens - selenium.common.exceptions.TimeoutException: Message: 
Stacktrace:
NoSuchElementError: An element could not be located on the page using the given search parameters.
    at AndroidUiautomator2Driver.findElOrEls (/home/runner/.appium/node_modules/appium-uiautomator2-driver/node_modules/appium-android-driver/build/lib/commands/find.js:62:15)
    at process.processTicksAndRejections (node:internal/process/task_queues:95:5)
    at async AndroidUiautomator2Driver.findElOrElsWithProcessing (/opt/hostedtoolcache/node/20.20.2/x64/lib/node_modules/appium/node_modules/@appium/base-driver/build/lib/basedriver/commands/find.js:12:16)
    at async AndroidUiautomator2Driver.findElement (/opt/hostedtoolcache/node/20.20.2/x64/lib/node_modules/appium/node_modules/@appium/base-driver/build/lib/basedriver/commands/find.js:28:16)
    at async runCommandPromise (/opt/hostedtoolcache/node/20.20.2/x64/lib/node_modules/appium/node_modules/@appium/base-driver/build/lib/basedriver/driver.js:119:24)
ERROR tests/mobile_e2e/test_suites/test_features.py::test_ai_advisor_page_load - selenium.common.exceptions.WebDriverException: Message: Cannot start the 'com.kisanmitra.kisan_mitra' application. Consider checking the driver's troubleshooting documentation. Original error: 'com.kisanmitra.kisan_mitra.MainActivity' never started. Consider checking the driver's troubleshooting documentation.
Stacktrace:
UnknownError: Cannot start the 'com.kisanmitra.kisan_mitra' application. Consider checking the driver's troubleshooting documentation. Original error: 'com.kisanmitra.kisan_mitra.MainActivity' never started. Consider checking the driver's troubleshooting documentation.
    at getResponseForW3CError (/opt/hostedtoolcache/node/20.20.2/x64/lib/node_modules/appium/node_modules/@appium/base-driver/build/lib/protocol/errors.js:846:36)
    at asyncHandler (/opt/hostedtoolcache/node/20.20.2/x64/lib/node_modules/appium/node_modules/@appium/base-driver/build/lib/protocol/protocol.js:485:77)
    at process.processTicksAndRejections (node:internal/process/task_queues:95:5)
The above error is caused by
Error: Cannot start the 'com.kisanmitra.kisan_mitra' application. Consider checking the driver's troubleshooting documentation. Original error: 'com.kisanmitra.kisan_mitra.MainActivity' never started. Consider checking the driver's troubleshooting documentation.
    at ADB.startApp (/home/runner/.appium/node_modules/appium-uiautomator2-driver/node_modules/appium-adb/build/lib/tools/app-commands.js:612:15)
    at process.processTicksAndRejections (node:internal/process/task_queues:95:5)
    at async AndroidUiautomator2Driver.ensureAppStarts (/home/runner/.appium/node_modules/appium-uiautomator2-driver/build/lib/commands/aut.js:106:5)
    at async AndroidUiautomator2Driver.performPostExecSetup [as performSessionPostExecSetup] (/home/runner/.appium/node_modules/appium-uiautomator2-driver/build/lib/uiautomator2-server/session.js:202:9)
    at async AndroidUiautomator2Driver.startSession [as startUiAutomator2Session] (/home/runner/.appium/node_modules/appium-uiautomator2-driver/build/lib/uiautomator2-server/session.js:260:5)
    at async AndroidUiautomator2Driver.createSession (/home/runner/.appium/node_modules/appium-uiautomator2-driver/build/lib/driver.js:301:28)
    at async AppiumDriver.createSession (/opt/hostedtoolcache/node/20.20.2/x64/lib/node_modules/appium/build/lib/appium.js:271:44)
    at async runCommandPromise (/opt/hostedtoolcache/node/20.20.2/x64/lib/node_modules/appium/node_modules/@appium/base-driver/build/lib/basedriver/driver.js:119:24)
    at async AppiumDriver.executeCommand (/opt/hostedtoolcache/node/20.20.2/x64/lib/node_modules/appium/node_modules/@appium/base-driver/build/lib/basedriver/driver.js:162:15)
    at async defaultBehavior (/opt/hostedtoolcache/node/20.20.2/x64/lib/node_modules/appium/build/lib/appium.js:582:24)
    at async AppiumDriver.executeWrappedCommand (/opt/hostedtoolcache/node/20.20.2/x64/lib/node_modules/appium/build/lib/appium.js:694:22)
    at async AppiumDriver.executeCommand (/opt/hostedtoolcache/node/20.20.2/x64/lib/node_modules/appium/build/lib/appium.js:598:21)
    at async asyncHandler (/opt/hostedtoolcache/node/20.20.2/x64/lib/node_modules/appium/node_modules/@appium/base-driver/build/lib/protocol/protocol.js:401:25)
=============== 5 failed, 2 passed, 1 error in 365.29s (0:06:05) ===============

======================================================================
MOBILE TEST SUITE COMPLETED. GENERATING REPORTS...
======================================================================
[MobileTestRunner] Copied screenshots to HTML folder for local viewing: /home/runner/work/kisan-mitra-web/kisan-mitra-web/tests/mobile_e2e/Test Results/HTML/Screenshots
[MobileExcelReporter] Report saved successfully to /home/runner/work/kisan-mitra-web/kisan-mitra-web/tests/mobile_e2e/Test Results/Excel/Automation_Test_Report.xlsx
[MobileHTMLReporter] Report saved successfully to /home/runner/work/kisan-mitra-web/kisan-mitra-web/tests/mobile_e2e/Test Results/HTML/execution-report.html
[MobileSummaryReporter] Summary saved successfully to /home/runner/work/kisan-mitra-web/kisan-mitra-web/tests/mobile_e2e/Test Results/Summary/summary.md
Excel report: /home/runner/work/kisan-mitra-web/kisan-mitra-web/tests/mobile_e2e/Test Results/Excel/Automation_Test_Report.xlsx
HTML report: /home/runner/work/kisan-mitra-web/kisan-mitra-web/tests/mobile_e2e/Test Results/HTML/execution-report.html
Summary markdown: /home/runner/work/kisan-mitra-web/kisan-mitra-web/tests/mobile_e2e/Test Results/Summary/summary.md
Logs: /home/runner/work/kisan-mitra-web/kisan-mitra-web/tests/mobile_e2e/Test Results/Logs/execution.log
======================================================================
Execution finished with 6 failures. Exiting with status code 1.
