======================================================================
KISAN MITRA MOBILE APPIUM TEST RUNNER - 2026-06-22 14:34:50
======================================================================
Running pytest with args: ['-s', '-v', '/home/runner/work/kisan-mitra-web/kisan-mitra-web/tests/mobile_e2e/test_suites']

============================= test session starts ==============================
platform linux -- Python 3.11.15, pytest-9.1.1, pluggy-1.6.0 -- /opt/hostedtoolcache/Python/3.11.15/x64/bin/python
cachedir: .pytest_cache
rootdir: /home/runner/work/kisan-mitra-web/kisan-mitra-web
collecting ... collected 8 items

tests/mobile_e2e/test_suites/test_auth.py::test_auth_client_validation [MobileConftest] Launching Appium driver targeting: /home/runner/work/kisan-mitra-web/kisan-mitra-web/build/app/outputs/flutter-apk/app-debug.apk
[MobileScreenshot] Saved screenshot: /home/runner/work/kisan-mitra-web/kisan-mitra-web/tests/mobile_e2e/Test Results/Screenshots/mobile_login_screen_load.png
[MobileScreenshot] Saved screenshot: /home/runner/work/kisan-mitra-web/kisan-mitra-web/tests/mobile_e2e/Test Results/Screenshots/mobile_login_empty_fields.png
[MobileTest] Verification complete: still on login screen.
PASSED
tests/mobile_e2e/test_suites/test_auth.py::test_auth_invalid_credentials [MobileConftest] Launching Appium driver targeting: /home/runner/work/kisan-mitra-web/kisan-mitra-web/build/app/outputs/flutter-apk/app-debug.apk
[MobileScreenshot] Saved screenshot: /home/runner/work/kisan-mitra-web/kisan-mitra-web/tests/mobile_e2e/Test Results/Screenshots/fail_wait_1782138964.png
[MobileConftest] Captured failure screenshot: /home/runner/work/kisan-mitra-web/kisan-mitra-web/tests/mobile_e2e/Test Results/Screenshots/fail_test_auth_invalid_credentials_1782138927.png
FAILED
tests/mobile_e2e/test_suites/test_features.py::test_home_page_load [MobileConftest] Launching Appium driver targeting: /home/runner/work/kisan-mitra-web/kisan-mitra-web/build/app/outputs/flutter-apk/app-debug.apk
[MobileTest] Performing E2E test login...
[MobileScreenshot] Saved screenshot: /home/runner/work/kisan-mitra-web/kisan-mitra-web/tests/mobile_e2e/Test Results/Screenshots/fail_wait_1782139013.png
ERROR
tests/mobile_e2e/test_suites/test_features.py::test_market_prices_page_load [MobileConftest] Launching Appium driver targeting: /home/runner/work/kisan-mitra-web/kisan-mitra-web/build/app/outputs/flutter-apk/app-debug.apk
[MobileTest] Performing E2E test login...
[MobileScreenshot] Saved screenshot: /home/runner/work/kisan-mitra-web/kisan-mitra-web/tests/mobile_e2e/Test Results/Screenshots/fail_wait_1782139061.png
ERROR
tests/mobile_e2e/test_suites/test_features.py::test_ai_advisor_page_load [MobileConftest] Launching Appium driver targeting: /home/runner/work/kisan-mitra-web/kisan-mitra-web/build/app/outputs/flutter-apk/app-debug.apk
[MobileTest] Performing E2E test login...
[MobileScreenshot] Saved screenshot: /home/runner/work/kisan-mitra-web/kisan-mitra-web/tests/mobile_e2e/Test Results/Screenshots/fail_wait_1782139109.png
ERROR
tests/mobile_e2e/test_suites/test_features.py::test_disease_scanner_page_load [MobileConftest] Launching Appium driver targeting: /home/runner/work/kisan-mitra-web/kisan-mitra-web/build/app/outputs/flutter-apk/app-debug.apk
[MobileTest] Performing E2E test login...
[MobileScreenshot] Saved screenshot: /home/runner/work/kisan-mitra-web/kisan-mitra-web/tests/mobile_e2e/Test Results/Screenshots/fail_wait_1782139158.png
ERROR
tests/mobile_e2e/test_suites/test_features.py::test_navigation_between_screens [MobileConftest] Launching Appium driver targeting: /home/runner/work/kisan-mitra-web/kisan-mitra-web/build/app/outputs/flutter-apk/app-debug.apk
[MobileTest] Performing E2E test login...
[MobileScreenshot] Saved screenshot: /home/runner/work/kisan-mitra-web/kisan-mitra-web/tests/mobile_e2e/Test Results/Screenshots/fail_wait_1782139207.png
ERROR
tests/mobile_e2e/test_suites/test_features.py::test_responsive_ui_smoke [MobileConftest] Launching Appium driver targeting: /home/runner/work/kisan-mitra-web/kisan-mitra-web/build/app/outputs/flutter-apk/app-debug.apk
[MobileTest] Performing E2E test login...
[MobileScreenshot] Saved screenshot: /home/runner/work/kisan-mitra-web/kisan-mitra-web/tests/mobile_e2e/Test Results/Screenshots/fail_wait_1782139255.png
ERROR

==================================== ERRORS ====================================
____________________ ERROR at setup of test_home_page_load _____________________

driver = <appium.webdriver.webdriver.WebDriver (session="eaeb6b0c-b2c7-4109-832e-b83f584c4c75")>

    @pytest.fixture(scope="function")
    def auth_driver(driver):
        """Fixture to launch app and log in automatically with test credentials."""
        time.sleep(5)
        login_page = LoginPage(driver)
        print("[MobileTest] Performing E2E test login...")
>       login_page.login("testfarmer@example.com", "TestFarmer123!")

tests/mobile_e2e/test_suites/test_features.py:14: 
_ _ _ _ _ _ _ _ _ _ _ _ _ _ _ _ _ _ _ _ _ _ _ _ _ _ _ _ _ _ _ _ _ _ _ _ _ _ _ _ 
tests/mobile_e2e/pages/login_page.py:14: in login
    self.send_keys(self.PASSWORD_INPUT, password)
tests/mobile_e2e/pages/base_page.py:31: in send_keys
    element = self.wait_for_element(locator)
              ^^^^^^^^^^^^^^^^^^^^^^^^^^^^^^
tests/mobile_e2e/pages/base_page.py:22: in wait_for_element
    raise e
tests/mobile_e2e/pages/base_page.py:17: in wait_for_element
    return WebDriverWait(self.driver, self.timeout).until(
_ _ _ _ _ _ _ _ _ _ _ _ _ _ _ _ _ _ _ _ _ _ _ _ _ _ _ _ _ _ _ _ _ _ _ _ _ _ _ _ 

self = <selenium.webdriver.support.wait.WebDriverWait (session="eaeb6b0c-b2c7-4109-832e-b83f584c4c75")>
method = <function visibility_of_element_located.<locals>._predicate at 0x7fc5de957920>
message = ''

    def until(self, method: Callable[[D], Literal[False] | T], message: str = "") -> T:
        """Wait until the method returns a value that is not False.
    
        Calls the method provided with the driver as an argument until the
        return value does not evaluate to ``False``.
    
        Args:
            method: A callable object that takes a WebDriver instance as an
                argument.
            message: Optional message for TimeoutException.
    
        Returns:
            The result of the last call to `method`.
    
        Raises:
            TimeoutException: If 'method' does not return a truthy value within
                the WebDriverWait object's timeout.
    
        Example:
            >>> from selenium.webdriver.common.by import By
            >>> from selenium.webdriver.support.ui import WebDriverWait
            >>> from selenium.webdriver.support import expected_conditions as EC
            >>>
            >>> # Wait until an element is visible on the page
            >>> wait = WebDriverWait(driver, 10)
            >>> element = wait.until(EC.visibility_of_element_located((By.ID, "exampleId")))
            >>> print(element.text)
        """
        screen = None
        stacktrace = None
    
        end_time = time.monotonic() + self._timeout
        while True:
            try:
                value = method(self._driver)
                if value:
                    return value
            except self._ignored_exceptions as exc:
                screen = getattr(exc, "screen", None)
                stacktrace = getattr(exc, "stacktrace", None)
            if time.monotonic() > end_time:
                break
            time.sleep(self._poll)
>       raise TimeoutException(message, screen, stacktrace)
E       selenium.common.exceptions.TimeoutException: Message: 
E       Stacktrace:
E       NoSuchElementError: An element could not be located on the page using the given search parameters.
E           at AndroidUiautomator2Driver.findElOrEls (/home/runner/.appium/node_modules/appium-uiautomator2-driver/node_modules/appium-android-driver/build/lib/commands/find.js:62:15)
E           at process.processTicksAndRejections (node:internal/process/task_queues:95:5)
E           at async AndroidUiautomator2Driver.findElOrElsWithProcessing (/opt/hostedtoolcache/node/20.20.2/x64/lib/node_modules/appium/node_modules/@appium/base-driver/build/lib/basedriver/commands/find.js:12:16)
E           at async AndroidUiautomator2Driver.findElement (/opt/hostedtoolcache/node/20.20.2/x64/lib/node_modules/appium/node_modules/@appium/base-driver/build/lib/basedriver/commands/find.js:28:16)
E           at async runCommandPromise (/opt/hostedtoolcache/node/20.20.2/x64/lib/node_modules/appium/node_modules/@appium/base-driver/build/lib/basedriver/driver.js:119:24)

/opt/hostedtoolcache/Python/3.11.15/x64/lib/python3.11/site-packages/selenium/webdriver/support/wait.py:121: TimeoutException
________________ ERROR at setup of test_market_prices_page_load ________________

driver = <appium.webdriver.webdriver.WebDriver (session="ab0b71a4-bdb8-45c7-98cb-6da578a0d12c")>

    @pytest.fixture(scope="function")
    def auth_driver(driver):
        """Fixture to launch app and log in automatically with test credentials."""
        time.sleep(5)
        login_page = LoginPage(driver)
        print("[MobileTest] Performing E2E test login...")
>       login_page.login("testfarmer@example.com", "TestFarmer123!")

tests/mobile_e2e/test_suites/test_features.py:14: 
_ _ _ _ _ _ _ _ _ _ _ _ _ _ _ _ _ _ _ _ _ _ _ _ _ _ _ _ _ _ _ _ _ _ _ _ _ _ _ _ 
tests/mobile_e2e/pages/login_page.py:14: in login
    self.send_keys(self.PASSWORD_INPUT, password)
tests/mobile_e2e/pages/base_page.py:31: in send_keys
    element = self.wait_for_element(locator)
              ^^^^^^^^^^^^^^^^^^^^^^^^^^^^^^
tests/mobile_e2e/pages/base_page.py:22: in wait_for_element
    raise e
tests/mobile_e2e/pages/base_page.py:17: in wait_for_element
    return WebDriverWait(self.driver, self.timeout).until(
_ _ _ _ _ _ _ _ _ _ _ _ _ _ _ _ _ _ _ _ _ _ _ _ _ _ _ _ _ _ _ _ _ _ _ _ _ _ _ _ 

self = <selenium.webdriver.support.wait.WebDriverWait (session="ab0b71a4-bdb8-45c7-98cb-6da578a0d12c")>
method = <function visibility_of_element_located.<locals>._predicate at 0x7fc5de994180>
message = ''

    def until(self, method: Callable[[D], Literal[False] | T], message: str = "") -> T:
        """Wait until the method returns a value that is not False.
    
        Calls the method provided with the driver as an argument until the
        return value does not evaluate to ``False``.
    
        Args:
            method: A callable object that takes a WebDriver instance as an
                argument.
            message: Optional message for TimeoutException.
    
        Returns:
            The result of the last call to `method`.
    
        Raises:
            TimeoutException: If 'method' does not return a truthy value within
                the WebDriverWait object's timeout.
    
        Example:
            >>> from selenium.webdriver.common.by import By
            >>> from selenium.webdriver.support.ui import WebDriverWait
            >>> from selenium.webdriver.support import expected_conditions as EC
            >>>
            >>> # Wait until an element is visible on the page
            >>> wait = WebDriverWait(driver, 10)
            >>> element = wait.until(EC.visibility_of_element_located((By.ID, "exampleId")))
            >>> print(element.text)
        """
        screen = None
        stacktrace = None
    
        end_time = time.monotonic() + self._timeout
        while True:
            try:
                value = method(self._driver)
                if value:
                    return value
            except self._ignored_exceptions as exc:
                screen = getattr(exc, "screen", None)
                stacktrace = getattr(exc, "stacktrace", None)
            if time.monotonic() > end_time:
                break
            time.sleep(self._poll)
>       raise TimeoutException(message, screen, stacktrace)
E       selenium.common.exceptions.TimeoutException: Message: 
E       Stacktrace:
E       NoSuchElementError: An element could not be located on the page using the given search parameters.
E           at AndroidUiautomator2Driver.findElOrEls (/home/runner/.appium/node_modules/appium-uiautomator2-driver/node_modules/appium-android-driver/build/lib/commands/find.js:62:15)
E           at process.processTicksAndRejections (node:internal/process/task_queues:95:5)
E           at async AndroidUiautomator2Driver.findElOrElsWithProcessing (/opt/hostedtoolcache/node/20.20.2/x64/lib/node_modules/appium/node_modules/@appium/base-driver/build/lib/basedriver/commands/find.js:12:16)
E           at async AndroidUiautomator2Driver.findElement (/opt/hostedtoolcache/node/20.20.2/x64/lib/node_modules/appium/node_modules/@appium/base-driver/build/lib/basedriver/commands/find.js:28:16)
E           at async runCommandPromise (/opt/hostedtoolcache/node/20.20.2/x64/lib/node_modules/appium/node_modules/@appium/base-driver/build/lib/basedriver/driver.js:119:24)

/opt/hostedtoolcache/Python/3.11.15/x64/lib/python3.11/site-packages/selenium/webdriver/support/wait.py:121: TimeoutException
_________________ ERROR at setup of test_ai_advisor_page_load __________________

driver = <appium.webdriver.webdriver.WebDriver (session="95a0d352-7d0a-401b-b85d-94932301b2b7")>

    @pytest.fixture(scope="function")
    def auth_driver(driver):
        """Fixture to launch app and log in automatically with test credentials."""
        time.sleep(5)
        login_page = LoginPage(driver)
        print("[MobileTest] Performing E2E test login...")
>       login_page.login("testfarmer@example.com", "TestFarmer123!")

tests/mobile_e2e/test_suites/test_features.py:14: 
_ _ _ _ _ _ _ _ _ _ _ _ _ _ _ _ _ _ _ _ _ _ _ _ _ _ _ _ _ _ _ _ _ _ _ _ _ _ _ _ 
tests/mobile_e2e/pages/login_page.py:14: in login
    self.send_keys(self.PASSWORD_INPUT, password)
tests/mobile_e2e/pages/base_page.py:31: in send_keys
    element = self.wait_for_element(locator)
              ^^^^^^^^^^^^^^^^^^^^^^^^^^^^^^
tests/mobile_e2e/pages/base_page.py:22: in wait_for_element
    raise e
tests/mobile_e2e/pages/base_page.py:17: in wait_for_element
    return WebDriverWait(self.driver, self.timeout).until(
_ _ _ _ _ _ _ _ _ _ _ _ _ _ _ _ _ _ _ _ _ _ _ _ _ _ _ _ _ _ _ _ _ _ _ _ _ _ _ _ 

self = <selenium.webdriver.support.wait.WebDriverWait (session="95a0d352-7d0a-401b-b85d-94932301b2b7")>
method = <function visibility_of_element_located.<locals>._predicate at 0x7fc5de994b80>
message = ''

    def until(self, method: Callable[[D], Literal[False] | T], message: str = "") -> T:
        """Wait until the method returns a value that is not False.
    
        Calls the method provided with the driver as an argument until the
        return value does not evaluate to ``False``.
    
        Args:
            method: A callable object that takes a WebDriver instance as an
                argument.
            message: Optional message for TimeoutException.
    
        Returns:
            The result of the last call to `method`.
    
        Raises:
            TimeoutException: If 'method' does not return a truthy value within
                the WebDriverWait object's timeout.
    
        Example:
            >>> from selenium.webdriver.common.by import By
            >>> from selenium.webdriver.support.ui import WebDriverWait
            >>> from selenium.webdriver.support import expected_conditions as EC
            >>>
            >>> # Wait until an element is visible on the page
            >>> wait = WebDriverWait(driver, 10)
            >>> element = wait.until(EC.visibility_of_element_located((By.ID, "exampleId")))
            >>> print(element.text)
        """
        screen = None
        stacktrace = None
    
        end_time = time.monotonic() + self._timeout
        while True:
            try:
                value = method(self._driver)
                if value:
                    return value
            except self._ignored_exceptions as exc:
                screen = getattr(exc, "screen", None)
                stacktrace = getattr(exc, "stacktrace", None)
            if time.monotonic() > end_time:
                break
            time.sleep(self._poll)
>       raise TimeoutException(message, screen, stacktrace)
E       selenium.common.exceptions.TimeoutException: Message: 
E       Stacktrace:
E       NoSuchElementError: An element could not be located on the page using the given search parameters.
E           at AndroidUiautomator2Driver.findElOrEls (/home/runner/.appium/node_modules/appium-uiautomator2-driver/node_modules/appium-android-driver/build/lib/commands/find.js:62:15)
E           at process.processTicksAndRejections (node:internal/process/task_queues:95:5)
E           at async AndroidUiautomator2Driver.findElOrElsWithProcessing (/opt/hostedtoolcache/node/20.20.2/x64/lib/node_modules/appium/node_modules/@appium/base-driver/build/lib/basedriver/commands/find.js:12:16)
E           at async AndroidUiautomator2Driver.findElement (/opt/hostedtoolcache/node/20.20.2/x64/lib/node_modules/appium/node_modules/@appium/base-driver/build/lib/basedriver/commands/find.js:28:16)
E           at async runCommandPromise (/opt/hostedtoolcache/node/20.20.2/x64/lib/node_modules/appium/node_modules/@appium/base-driver/build/lib/basedriver/driver.js:119:24)

/opt/hostedtoolcache/Python/3.11.15/x64/lib/python3.11/site-packages/selenium/webdriver/support/wait.py:121: TimeoutException
_______________ ERROR at setup of test_disease_scanner_page_load _______________

driver = <appium.webdriver.webdriver.WebDriver (session="23771286-5c52-4fa0-a582-60223ee3bb7a")>

    @pytest.fixture(scope="function")
    def auth_driver(driver):
        """Fixture to launch app and log in automatically with test credentials."""
        time.sleep(5)
        login_page = LoginPage(driver)
        print("[MobileTest] Performing E2E test login...")
>       login_page.login("testfarmer@example.com", "TestFarmer123!")

tests/mobile_e2e/test_suites/test_features.py:14: 
_ _ _ _ _ _ _ _ _ _ _ _ _ _ _ _ _ _ _ _ _ _ _ _ _ _ _ _ _ _ _ _ _ _ _ _ _ _ _ _ 
tests/mobile_e2e/pages/login_page.py:14: in login
    self.send_keys(self.PASSWORD_INPUT, password)
tests/mobile_e2e/pages/base_page.py:31: in send_keys
    element = self.wait_for_element(locator)
              ^^^^^^^^^^^^^^^^^^^^^^^^^^^^^^
tests/mobile_e2e/pages/base_page.py:22: in wait_for_element
    raise e
tests/mobile_e2e/pages/base_page.py:17: in wait_for_element
    return WebDriverWait(self.driver, self.timeout).until(
_ _ _ _ _ _ _ _ _ _ _ _ _ _ _ _ _ _ _ _ _ _ _ _ _ _ _ _ _ _ _ _ _ _ _ _ _ _ _ _ 

self = <selenium.webdriver.support.wait.WebDriverWait (session="23771286-5c52-4fa0-a582-60223ee3bb7a")>
method = <function visibility_of_element_located.<locals>._predicate at 0x7fc5de995120>
message = ''

    def until(self, method: Callable[[D], Literal[False] | T], message: str = "") -> T:
        """Wait until the method returns a value that is not False.
    
        Calls the method provided with the driver as an argument until the
        return value does not evaluate to ``False``.
    
        Args:
            method: A callable object that takes a WebDriver instance as an
                argument.
            message: Optional message for TimeoutException.
    
        Returns:
            The result of the last call to `method`.
    
        Raises:
            TimeoutException: If 'method' does not return a truthy value within
                the WebDriverWait object's timeout.
    
        Example:
            >>> from selenium.webdriver.common.by import By
            >>> from selenium.webdriver.support.ui import WebDriverWait
            >>> from selenium.webdriver.support import expected_conditions as EC
            >>>
            >>> # Wait until an element is visible on the page
            >>> wait = WebDriverWait(driver, 10)
            >>> element = wait.until(EC.visibility_of_element_located((By.ID, "exampleId")))
            >>> print(element.text)
        """
        screen = None
        stacktrace = None
    
        end_time = time.monotonic() + self._timeout
        while True:
            try:
                value = method(self._driver)
                if value:
                    return value
            except self._ignored_exceptions as exc:
                screen = getattr(exc, "screen", None)
                stacktrace = getattr(exc, "stacktrace", None)
            if time.monotonic() > end_time:
                break
            time.sleep(self._poll)
>       raise TimeoutException(message, screen, stacktrace)
E       selenium.common.exceptions.TimeoutException: Message: 
E       Stacktrace:
E       NoSuchElementError: An element could not be located on the page using the given search parameters.
E           at AndroidUiautomator2Driver.findElOrEls (/home/runner/.appium/node_modules/appium-uiautomator2-driver/node_modules/appium-android-driver/build/lib/commands/find.js:62:15)
E           at process.processTicksAndRejections (node:internal/process/task_queues:95:5)
E           at async AndroidUiautomator2Driver.findElOrElsWithProcessing (/opt/hostedtoolcache/node/20.20.2/x64/lib/node_modules/appium/node_modules/@appium/base-driver/build/lib/basedriver/commands/find.js:12:16)
E           at async AndroidUiautomator2Driver.findElement (/opt/hostedtoolcache/node/20.20.2/x64/lib/node_modules/appium/node_modules/@appium/base-driver/build/lib/basedriver/commands/find.js:28:16)
E           at async runCommandPromise (/opt/hostedtoolcache/node/20.20.2/x64/lib/node_modules/appium/node_modules/@appium/base-driver/build/lib/basedriver/driver.js:119:24)

/opt/hostedtoolcache/Python/3.11.15/x64/lib/python3.11/site-packages/selenium/webdriver/support/wait.py:121: TimeoutException
______________ ERROR at setup of test_navigation_between_screens _______________

driver = <appium.webdriver.webdriver.WebDriver (session="40be8dd9-ff80-4f44-b087-8e32afbebb8e")>

    @pytest.fixture(scope="function")
    def auth_driver(driver):
        """Fixture to launch app and log in automatically with test credentials."""
        time.sleep(5)
        login_page = LoginPage(driver)
        print("[MobileTest] Performing E2E test login...")
>       login_page.login("testfarmer@example.com", "TestFarmer123!")

tests/mobile_e2e/test_suites/test_features.py:14: 
_ _ _ _ _ _ _ _ _ _ _ _ _ _ _ _ _ _ _ _ _ _ _ _ _ _ _ _ _ _ _ _ _ _ _ _ _ _ _ _ 
tests/mobile_e2e/pages/login_page.py:14: in login
    self.send_keys(self.PASSWORD_INPUT, password)
tests/mobile_e2e/pages/base_page.py:31: in send_keys
    element = self.wait_for_element(locator)
              ^^^^^^^^^^^^^^^^^^^^^^^^^^^^^^
tests/mobile_e2e/pages/base_page.py:22: in wait_for_element
    raise e
tests/mobile_e2e/pages/base_page.py:17: in wait_for_element
    return WebDriverWait(self.driver, self.timeout).until(
_ _ _ _ _ _ _ _ _ _ _ _ _ _ _ _ _ _ _ _ _ _ _ _ _ _ _ _ _ _ _ _ _ _ _ _ _ _ _ _ 

self = <selenium.webdriver.support.wait.WebDriverWait (session="40be8dd9-ff80-4f44-b087-8e32afbebb8e")>
method = <function visibility_of_element_located.<locals>._predicate at 0x7fc5de995bc0>
message = ''

    def until(self, method: Callable[[D], Literal[False] | T], message: str = "") -> T:
        """Wait until the method returns a value that is not False.
    
        Calls the method provided with the driver as an argument until the
        return value does not evaluate to ``False``.
    
        Args:
            method: A callable object that takes a WebDriver instance as an
                argument.
            message: Optional message for TimeoutException.
    
        Returns:
            The result of the last call to `method`.
    
        Raises:
            TimeoutException: If 'method' does not return a truthy value within
                the WebDriverWait object's timeout.
    
        Example:
            >>> from selenium.webdriver.common.by import By
            >>> from selenium.webdriver.support.ui import WebDriverWait
            >>> from selenium.webdriver.support import expected_conditions as EC
            >>>
            >>> # Wait until an element is visible on the page
            >>> wait = WebDriverWait(driver, 10)
            >>> element = wait.until(EC.visibility_of_element_located((By.ID, "exampleId")))
            >>> print(element.text)
        """
        screen = None
        stacktrace = None
    
        end_time = time.monotonic() + self._timeout
        while True:
            try:
                value = method(self._driver)
                if value:
                    return value
            except self._ignored_exceptions as exc:
                screen = getattr(exc, "screen", None)
                stacktrace = getattr(exc, "stacktrace", None)
            if time.monotonic() > end_time:
                break
            time.sleep(self._poll)
>       raise TimeoutException(message, screen, stacktrace)
E       selenium.common.exceptions.TimeoutException: Message: 
E       Stacktrace:
E       NoSuchElementError: An element could not be located on the page using the given search parameters.
E           at AndroidUiautomator2Driver.findElOrEls (/home/runner/.appium/node_modules/appium-uiautomator2-driver/node_modules/appium-android-driver/build/lib/commands/find.js:62:15)
E           at process.processTicksAndRejections (node:internal/process/task_queues:95:5)
E           at async AndroidUiautomator2Driver.findElOrElsWithProcessing (/opt/hostedtoolcache/node/20.20.2/x64/lib/node_modules/appium/node_modules/@appium/base-driver/build/lib/basedriver/commands/find.js:12:16)
E           at async AndroidUiautomator2Driver.findElement (/opt/hostedtoolcache/node/20.20.2/x64/lib/node_modules/appium/node_modules/@appium/base-driver/build/lib/basedriver/commands/find.js:28:16)
E           at async runCommandPromise (/opt/hostedtoolcache/node/20.20.2/x64/lib/node_modules/appium/node_modules/@appium/base-driver/build/lib/basedriver/driver.js:119:24)

/opt/hostedtoolcache/Python/3.11.15/x64/lib/python3.11/site-packages/selenium/webdriver/support/wait.py:121: TimeoutException
__________________ ERROR at setup of test_responsive_ui_smoke __________________

driver = <appium.webdriver.webdriver.WebDriver (session="3bd5025b-5861-4b5b-8547-a022eafef9be")>

    @pytest.fixture(scope="function")
    def auth_driver(driver):
        """Fixture to launch app and log in automatically with test credentials."""
        time.sleep(5)
        login_page = LoginPage(driver)
        print("[MobileTest] Performing E2E test login...")
>       login_page.login("testfarmer@example.com", "TestFarmer123!")

tests/mobile_e2e/test_suites/test_features.py:14: 
_ _ _ _ _ _ _ _ _ _ _ _ _ _ _ _ _ _ _ _ _ _ _ _ _ _ _ _ _ _ _ _ _ _ _ _ _ _ _ _ 
tests/mobile_e2e/pages/login_page.py:14: in login
    self.send_keys(self.PASSWORD_INPUT, password)
tests/mobile_e2e/pages/base_page.py:31: in send_keys
    element = self.wait_for_element(locator)
              ^^^^^^^^^^^^^^^^^^^^^^^^^^^^^^
tests/mobile_e2e/pages/base_page.py:22: in wait_for_element
    raise e
tests/mobile_e2e/pages/base_page.py:17: in wait_for_element
    return WebDriverWait(self.driver, self.timeout).until(
_ _ _ _ _ _ _ _ _ _ _ _ _ _ _ _ _ _ _ _ _ _ _ _ _ _ _ _ _ _ _ _ _ _ _ _ _ _ _ _ 

self = <selenium.webdriver.support.wait.WebDriverWait (session="3bd5025b-5861-4b5b-8547-a022eafef9be")>
method = <function visibility_of_element_located.<locals>._predicate at 0x7fc5de9940e0>
message = ''

    def until(self, method: Callable[[D], Literal[False] | T], message: str = "") -> T:
        """Wait until the method returns a value that is not False.
    
        Calls the method provided with the driver as an argument until the
        return value does not evaluate to ``False``.
    
        Args:
            method: A callable object that takes a WebDriver instance as an
                argument.
            message: Optional message for TimeoutException.
    
        Returns:
            The result of the last call to `method`.
    
        Raises:
            TimeoutException: If 'method' does not return a truthy value within
                the WebDriverWait object's timeout.
    
        Example:
            >>> from selenium.webdriver.common.by import By
            >>> from selenium.webdriver.support.ui import WebDriverWait
            >>> from selenium.webdriver.support import expected_conditions as EC
            >>>
            >>> # Wait until an element is visible on the page
            >>> wait = WebDriverWait(driver, 10)
            >>> element = wait.until(EC.visibility_of_element_located((By.ID, "exampleId")))
            >>> print(element.text)
        """
        screen = None
        stacktrace = None
    
        end_time = time.monotonic() + self._timeout
        while True:
            try:
                value = method(self._driver)
                if value:
                    return value
            except self._ignored_exceptions as exc:
                screen = getattr(exc, "screen", None)
                stacktrace = getattr(exc, "stacktrace", None)
            if time.monotonic() > end_time:
                break
            time.sleep(self._poll)
>       raise TimeoutException(message, screen, stacktrace)
E       selenium.common.exceptions.TimeoutException: Message: 
E       Stacktrace:
E       NoSuchElementError: An element could not be located on the page using the given search parameters.
E           at AndroidUiautomator2Driver.findElOrEls (/home/runner/.appium/node_modules/appium-uiautomator2-driver/node_modules/appium-android-driver/build/lib/commands/find.js:62:15)
E           at process.processTicksAndRejections (node:internal/process/task_queues:95:5)
E           at async AndroidUiautomator2Driver.findElOrElsWithProcessing (/opt/hostedtoolcache/node/20.20.2/x64/lib/node_modules/appium/node_modules/@appium/base-driver/build/lib/basedriver/commands/find.js:12:16)
E           at async AndroidUiautomator2Driver.findElement (/opt/hostedtoolcache/node/20.20.2/x64/lib/node_modules/appium/node_modules/@appium/base-driver/build/lib/basedriver/commands/find.js:28:16)
E           at async runCommandPromise (/opt/hostedtoolcache/node/20.20.2/x64/lib/node_modules/appium/node_modules/@appium/base-driver/build/lib/basedriver/driver.js:119:24)

/opt/hostedtoolcache/Python/3.11.15/x64/lib/python3.11/site-packages/selenium/webdriver/support/wait.py:121: TimeoutException
=================================== FAILURES ===================================
________________________ test_auth_invalid_credentials _________________________

driver = <appium.webdriver.webdriver.WebDriver (session="13055224-6d96-4b2e-ab55-e0d1151d095c")>

    def test_auth_invalid_credentials(driver):
        """Test that login with invalid credentials displays an error on mobile."""
        time.sleep(3)
    
        login_page = LoginPage(driver)
>       login_page.login("nonexistent_farmer@kisan.com", "WrongPass123!")

tests/mobile_e2e/test_suites/test_auth.py:25: 
_ _ _ _ _ _ _ _ _ _ _ _ _ _ _ _ _ _ _ _ _ _ _ _ _ _ _ _ _ _ _ _ _ _ _ _ _ _ _ _ 
tests/mobile_e2e/pages/login_page.py:14: in login
    self.send_keys(self.PASSWORD_INPUT, password)
tests/mobile_e2e/pages/base_page.py:31: in send_keys
    element = self.wait_for_element(locator)
              ^^^^^^^^^^^^^^^^^^^^^^^^^^^^^^
tests/mobile_e2e/pages/base_page.py:22: in wait_for_element
    raise e
tests/mobile_e2e/pages/base_page.py:17: in wait_for_element
    return WebDriverWait(self.driver, self.timeout).until(
_ _ _ _ _ _ _ _ _ _ _ _ _ _ _ _ _ _ _ _ _ _ _ _ _ _ _ _ _ _ _ _ _ _ _ _ _ _ _ _ 

self = <selenium.webdriver.support.wait.WebDriverWait (session="13055224-6d96-4b2e-ab55-e0d1151d095c")>
method = <function visibility_of_element_located.<locals>._predicate at 0x7fc5deac7ba0>
message = ''

    def until(self, method: Callable[[D], Literal[False] | T], message: str = "") -> T:
        """Wait until the method returns a value that is not False.
    
        Calls the method provided with the driver as an argument until the
        return value does not evaluate to ``False``.
    
        Args:
            method: A callable object that takes a WebDriver instance as an
                argument.
            message: Optional message for TimeoutException.
    
        Returns:
            The result of the last call to `method`.
    
        Raises:
            TimeoutException: If 'method' does not return a truthy value within
                the WebDriverWait object's timeout.
    
        Example:
            >>> from selenium.webdriver.common.by import By
            >>> from selenium.webdriver.support.ui import WebDriverWait
            >>> from selenium.webdriver.support import expected_conditions as EC
            >>>
            >>> # Wait until an element is visible on the page
            >>> wait = WebDriverWait(driver, 10)
            >>> element = wait.until(EC.visibility_of_element_located((By.ID, "exampleId")))
            >>> print(element.text)
        """
        screen = None
        stacktrace = None
    
        end_time = time.monotonic() + self._timeout
        while True:
            try:
                value = method(self._driver)
                if value:
                    return value
            except self._ignored_exceptions as exc:
                screen = getattr(exc, "screen", None)
                stacktrace = getattr(exc, "stacktrace", None)
            if time.monotonic() > end_time:
                break
            time.sleep(self._poll)
>       raise TimeoutException(message, screen, stacktrace)
E       selenium.common.exceptions.TimeoutException: Message: 
E       Stacktrace:
E       NoSuchElementError: An element could not be located on the page using the given search parameters.
E           at AndroidUiautomator2Driver.findElOrEls (/home/runner/.appium/node_modules/appium-uiautomator2-driver/node_modules/appium-android-driver/build/lib/commands/find.js:62:15)
E           at process.processTicksAndRejections (node:internal/process/task_queues:95:5)
E           at async AndroidUiautomator2Driver.findElOrElsWithProcessing (/opt/hostedtoolcache/node/20.20.2/x64/lib/node_modules/appium/node_modules/@appium/base-driver/build/lib/basedriver/commands/find.js:12:16)
E           at async AndroidUiautomator2Driver.findElement (/opt/hostedtoolcache/node/20.20.2/x64/lib/node_modules/appium/node_modules/@appium/base-driver/build/lib/basedriver/commands/find.js:28:16)
E           at async runCommandPromise (/opt/hostedtoolcache/node/20.20.2/x64/lib/node_modules/appium/node_modules/@appium/base-driver/build/lib/basedriver/driver.js:119:24)

/opt/hostedtoolcache/Python/3.11.15/x64/lib/python3.11/site-packages/selenium/webdriver/support/wait.py:121: TimeoutException
=========================== short test summary info ============================
FAILED tests/mobile_e2e/test_suites/test_auth.py::test_auth_invalid_credentials - selenium.common.exceptions.TimeoutException: Message: 
Stacktrace:
NoSuchElementError: An element could not be located on the page using the given search parameters.
    at AndroidUiautomator2Driver.findElOrEls (/home/runner/.appium/node_modules/appium-uiautomator2-driver/node_modules/appium-android-driver/build/lib/commands/find.js:62:15)
    at process.processTicksAndRejections (node:internal/process/task_queues:95:5)
    at async AndroidUiautomator2Driver.findElOrElsWithProcessing (/opt/hostedtoolcache/node/20.20.2/x64/lib/node_modules/appium/node_modules/@appium/base-driver/build/lib/basedriver/commands/find.js:12:16)
    at async AndroidUiautomator2Driver.findElement (/opt/hostedtoolcache/node/20.20.2/x64/lib/node_modules/appium/node_modules/@appium/base-driver/build/lib/basedriver/commands/find.js:28:16)
    at async runCommandPromise (/opt/hostedtoolcache/node/20.20.2/x64/lib/node_modules/appium/node_modules/@appium/base-driver/build/lib/basedriver/driver.js:119:24)
ERROR tests/mobile_e2e/test_suites/test_features.py::test_home_page_load - selenium.common.exceptions.TimeoutException: Message: 
Stacktrace:
NoSuchElementError: An element could not be located on the page using the given search parameters.
    at AndroidUiautomator2Driver.findElOrEls (/home/runner/.appium/node_modules/appium-uiautomator2-driver/node_modules/appium-android-driver/build/lib/commands/find.js:62:15)
    at process.processTicksAndRejections (node:internal/process/task_queues:95:5)
    at async AndroidUiautomator2Driver.findElOrElsWithProcessing (/opt/hostedtoolcache/node/20.20.2/x64/lib/node_modules/appium/node_modules/@appium/base-driver/build/lib/basedriver/commands/find.js:12:16)
    at async AndroidUiautomator2Driver.findElement (/opt/hostedtoolcache/node/20.20.2/x64/lib/node_modules/appium/node_modules/@appium/base-driver/build/lib/basedriver/commands/find.js:28:16)
    at async runCommandPromise (/opt/hostedtoolcache/node/20.20.2/x64/lib/node_modules/appium/node_modules/@appium/base-driver/build/lib/basedriver/driver.js:119:24)
ERROR tests/mobile_e2e/test_suites/test_features.py::test_market_prices_page_load - selenium.common.exceptions.TimeoutException: Message: 
Stacktrace:
NoSuchElementError: An element could not be located on the page using the given search parameters.
    at AndroidUiautomator2Driver.findElOrEls (/home/runner/.appium/node_modules/appium-uiautomator2-driver/node_modules/appium-android-driver/build/lib/commands/find.js:62:15)
    at process.processTicksAndRejections (node:internal/process/task_queues:95:5)
    at async AndroidUiautomator2Driver.findElOrElsWithProcessing (/opt/hostedtoolcache/node/20.20.2/x64/lib/node_modules/appium/node_modules/@appium/base-driver/build/lib/basedriver/commands/find.js:12:16)
    at async AndroidUiautomator2Driver.findElement (/opt/hostedtoolcache/node/20.20.2/x64/lib/node_modules/appium/node_modules/@appium/base-driver/build/lib/basedriver/commands/find.js:28:16)
    at async runCommandPromise (/opt/hostedtoolcache/node/20.20.2/x64/lib/node_modules/appium/node_modules/@appium/base-driver/build/lib/basedriver/driver.js:119:24)
ERROR tests/mobile_e2e/test_suites/test_features.py::test_ai_advisor_page_load - selenium.common.exceptions.TimeoutException: Message: 
Stacktrace:
NoSuchElementError: An element could not be located on the page using the given search parameters.
    at AndroidUiautomator2Driver.findElOrEls (/home/runner/.appium/node_modules/appium-uiautomator2-driver/node_modules/appium-android-driver/build/lib/commands/find.js:62:15)
    at process.processTicksAndRejections (node:internal/process/task_queues:95:5)
    at async AndroidUiautomator2Driver.findElOrElsWithProcessing (/opt/hostedtoolcache/node/20.20.2/x64/lib/node_modules/appium/node_modules/@appium/base-driver/build/lib/basedriver/commands/find.js:12:16)
    at async AndroidUiautomator2Driver.findElement (/opt/hostedtoolcache/node/20.20.2/x64/lib/node_modules/appium/node_modules/@appium/base-driver/build/lib/basedriver/commands/find.js:28:16)
    at async runCommandPromise (/opt/hostedtoolcache/node/20.20.2/x64/lib/node_modules/appium/node_modules/@appium/base-driver/build/lib/basedriver/driver.js:119:24)
ERROR tests/mobile_e2e/test_suites/test_features.py::test_disease_scanner_page_load - selenium.common.exceptions.TimeoutException: Message: 
Stacktrace:
NoSuchElementError: An element could not be located on the page using the given search parameters.
    at AndroidUiautomator2Driver.findElOrEls (/home/runner/.appium/node_modules/appium-uiautomator2-driver/node_modules/appium-android-driver/build/lib/commands/find.js:62:15)
    at process.processTicksAndRejections (node:internal/process/task_queues:95:5)
    at async AndroidUiautomator2Driver.findElOrElsWithProcessing (/opt/hostedtoolcache/node/20.20.2/x64/lib/node_modules/appium/node_modules/@appium/base-driver/build/lib/basedriver/commands/find.js:12:16)
    at async AndroidUiautomator2Driver.findElement (/opt/hostedtoolcache/node/20.20.2/x64/lib/node_modules/appium/node_modules/@appium/base-driver/build/lib/basedriver/commands/find.js:28:16)
    at async runCommandPromise (/opt/hostedtoolcache/node/20.20.2/x64/lib/node_modules/appium/node_modules/@appium/base-driver/build/lib/basedriver/driver.js:119:24)
ERROR tests/mobile_e2e/test_suites/test_features.py::test_navigation_between_screens - selenium.common.exceptions.TimeoutException: Message: 
Stacktrace:
NoSuchElementError: An element could not be located on the page using the given search parameters.
    at AndroidUiautomator2Driver.findElOrEls (/home/runner/.appium/node_modules/appium-uiautomator2-driver/node_modules/appium-android-driver/build/lib/commands/find.js:62:15)
    at process.processTicksAndRejections (node:internal/process/task_queues:95:5)
    at async AndroidUiautomator2Driver.findElOrElsWithProcessing (/opt/hostedtoolcache/node/20.20.2/x64/lib/node_modules/appium/node_modules/@appium/base-driver/build/lib/basedriver/commands/find.js:12:16)
    at async AndroidUiautomator2Driver.findElement (/opt/hostedtoolcache/node/20.20.2/x64/lib/node_modules/appium/node_modules/@appium/base-driver/build/lib/basedriver/commands/find.js:28:16)
    at async runCommandPromise (/opt/hostedtoolcache/node/20.20.2/x64/lib/node_modules/appium/node_modules/@appium/base-driver/build/lib/basedriver/driver.js:119:24)
ERROR tests/mobile_e2e/test_suites/test_features.py::test_responsive_ui_smoke - selenium.common.exceptions.TimeoutException: Message: 
Stacktrace:
NoSuchElementError: An element could not be located on the page using the given search parameters.
    at AndroidUiautomator2Driver.findElOrEls (/home/runner/.appium/node_modules/appium-uiautomator2-driver/node_modules/appium-android-driver/build/lib/commands/find.js:62:15)
    at process.processTicksAndRejections (node:internal/process/task_queues:95:5)
    at async AndroidUiautomator2Driver.findElOrElsWithProcessing (/opt/hostedtoolcache/node/20.20.2/x64/lib/node_modules/appium/node_modules/@appium/base-driver/build/lib/basedriver/commands/find.js:12:16)
    at async AndroidUiautomator2Driver.findElement (/opt/hostedtoolcache/node/20.20.2/x64/lib/node_modules/appium/node_modules/@appium/base-driver/build/lib/basedriver/commands/find.js:28:16)
    at async runCommandPromise (/opt/hostedtoolcache/node/20.20.2/x64/lib/node_modules/appium/node_modules/@appium/base-driver/build/lib/basedriver/driver.js:119:24)
============== 1 failed, 1 passed, 6 errors in 365.25s (0:06:05) ===============

======================================================================
MOBILE TEST SUITE COMPLETED. GENERATING REPORTS...
======================================================================
[MobileTestRunner] Copied screenshots to HTML folder for local viewing: /home/runner/work/kisan-mitra-web/kisan-mitra-web/tests/mobile_e2e/Test Results/HTML/Screenshots
[MobileExcelReporter] Report saved successfully to /home/runner/work/kisan-mitra-web/kisan-mitra-web/tests/mobile_e2e/Test Results/Excel/Automation_Test_Report.xlsx
[MobileHTMLReporter] Report saved successfully to /home/runner/work/kisan-mitra-web/kisan-mitra-web/tests/mobile_e2e/Test Results/HTML/execution-report.html
[MobileSummaryReporter] Summary saved successfully to /home/runner/work/kisan-mitra-web/kisan-mitra-web/tests/mobile_e2e/Test Results/Summary/summary.md
Excel report: /home/runner/work/kisan-mitra-web/kisan-mitra-web/tests/mobile_e2e/Test Results/Excel/Automation_Test_Report.xlsx
HTML report: /home/runner/work/kisan-mitra-web/kisan-mitra-web/tests/mobile_e2e/Test Results/HTML/execution-report.html
Summary markdown: /home/runner/work/kisan-mitra-web/kisan-mitra-web/tests/mobile_e2e/Test Results/Summary/summary.md
Logs: /home/runner/work/kisan-mitra-web/kisan-mitra-web/tests/mobile_e2e/Test Results/Logs/execution.log
======================================================================
Execution finished with 7 failures. Exiting with status code 1.
