======================================================================
KISAN MITRA MOBILE APPIUM TEST RUNNER - 2026-06-22 15:43:36
======================================================================
Running pytest with args: ['-s', '-v', '/home/runner/work/kisan-mitra-web/kisan-mitra-web/tests/mobile_e2e/test_suites']

============================= test session starts ==============================
platform linux -- Python 3.11.15, pytest-9.1.1, pluggy-1.6.0 -- /opt/hostedtoolcache/Python/3.11.15/x64/bin/python
cachedir: .pytest_cache
rootdir: /home/runner/work/kisan-mitra-web/kisan-mitra-web
collecting ... collected 8 items

tests/mobile_e2e/test_suites/test_auth.py::test_auth_client_validation [MobileConftest] Launching Appium driver targeting: /home/runner/work/kisan-mitra-web/kisan-mitra-web/build/app/outputs/flutter-apk/app-debug.apk
[MobileScreenshot] Saved screenshot: /home/runner/work/kisan-mitra-web/kisan-mitra-web/tests/mobile_e2e/Test Results/Screenshots/mobile_login_screen_load.png
[MobileScreenshot] Saved screenshot: /home/runner/work/kisan-mitra-web/kisan-mitra-web/tests/mobile_e2e/Test Results/Screenshots/mobile_login_empty_fields.png
[MobileTest] Verification complete: still on login screen.
PASSED
tests/mobile_e2e/test_suites/test_auth.py::test_auth_invalid_credentials [MobileConftest] Launching Appium driver targeting: /home/runner/work/kisan-mitra-web/kisan-mitra-web/build/app/outputs/flutter-apk/app-debug.apk
[MobileScreenshot] Saved screenshot: /home/runner/work/kisan-mitra-web/kisan-mitra-web/tests/mobile_e2e/Test Results/Screenshots/mobile_login_invalid_credentials.png
[MobileTest] Verification complete: invalid login failed as expected.
PASSED
tests/mobile_e2e/test_suites/test_features.py::test_home_page_load [MobileConftest] Launching Appium driver targeting: /home/runner/work/kisan-mitra-web/kisan-mitra-web/build/app/outputs/flutter-apk/app-debug.apk
[MobileTest] Performing E2E test login...
[MobileScreenshot] Saved screenshot: /home/runner/work/kisan-mitra-web/kisan-mitra-web/tests/mobile_e2e/Test Results/Screenshots/fail_wait_1782143133.png
[MobileConftest] Captured failure screenshot: /home/runner/work/kisan-mitra-web/kisan-mitra-web/tests/mobile_e2e/Test Results/Screenshots/fail_test_home_page_load_1782143103.png
FAILED
tests/mobile_e2e/test_suites/test_features.py::test_market_prices_page_load [MobileConftest] Launching Appium driver targeting: /home/runner/work/kisan-mitra-web/kisan-mitra-web/build/app/outputs/flutter-apk/app-debug.apk
[MobileTest] Performing E2E test login...
[MobileScreenshot] Saved screenshot: /home/runner/work/kisan-mitra-web/kisan-mitra-web/tests/mobile_e2e/Test Results/Screenshots/fail_wait_1782143194.png
[MobileConftest] Captured failure screenshot: /home/runner/work/kisan-mitra-web/kisan-mitra-web/tests/mobile_e2e/Test Results/Screenshots/fail_test_market_prices_page_load_1782143163.png
FAILED
tests/mobile_e2e/test_suites/test_features.py::test_ai_advisor_page_load [MobileConftest] Launching Appium driver targeting: /home/runner/work/kisan-mitra-web/kisan-mitra-web/build/app/outputs/flutter-apk/app-debug.apk
[MobileTest] Performing E2E test login...
[MobileScreenshot] Saved screenshot: /home/runner/work/kisan-mitra-web/kisan-mitra-web/tests/mobile_e2e/Test Results/Screenshots/fail_wait_1782143255.png
[MobileConftest] Captured failure screenshot: /home/runner/work/kisan-mitra-web/kisan-mitra-web/tests/mobile_e2e/Test Results/Screenshots/fail_test_ai_advisor_page_load_1782143225.png
FAILED
tests/mobile_e2e/test_suites/test_features.py::test_disease_scanner_page_load [MobileConftest] Launching Appium driver targeting: /home/runner/work/kisan-mitra-web/kisan-mitra-web/build/app/outputs/flutter-apk/app-debug.apk
[MobileTest] Performing E2E test login...
[MobileScreenshot] Saved screenshot: /home/runner/work/kisan-mitra-web/kisan-mitra-web/tests/mobile_e2e/Test Results/Screenshots/fail_wait_1782143316.png
[MobileConftest] Captured failure screenshot: /home/runner/work/kisan-mitra-web/kisan-mitra-web/tests/mobile_e2e/Test Results/Screenshots/fail_test_disease_scanner_page_load_1782143286.png
FAILED
tests/mobile_e2e/test_suites/test_features.py::test_navigation_between_screens [MobileConftest] Launching Appium driver targeting: /home/runner/work/kisan-mitra-web/kisan-mitra-web/build/app/outputs/flutter-apk/app-debug.apk
[MobileTest] Performing E2E test login...
[MobileScreenshot] Saved screenshot: /home/runner/work/kisan-mitra-web/kisan-mitra-web/tests/mobile_e2e/Test Results/Screenshots/fail_wait_1782143378.png
[MobileConftest] Captured failure screenshot: /home/runner/work/kisan-mitra-web/kisan-mitra-web/tests/mobile_e2e/Test Results/Screenshots/fail_test_navigation_between_screens_1782143347.png
FAILED
tests/mobile_e2e/test_suites/test_features.py::test_responsive_ui_smoke [MobileConftest] Launching Appium driver targeting: /home/runner/work/kisan-mitra-web/kisan-mitra-web/build/app/outputs/flutter-apk/app-debug.apk
[MobileTest] Performing E2E test login...
[MobileTest] Rotating emulator to LANDSCAPE...
[MobileTest] Orientation change to LANDSCAPE failed or locked: Message: Screen rotation cannot be changed to ROTATION_270 after 2000ms. Is it locked programmatically?
Stacktrace:
io.appium.uiautomator2.common.exceptions.InvalidElementStateException: Screen rotation cannot be changed to ROTATION_270 after 2000ms. Is it locked programmatically?
	at io.appium.uiautomator2.model.internal.CustomUiDevice.setRotationSync(CustomUiDevice.java:226)
	at io.appium.uiautomator2.handler.SetOrientation.safeHandle(SetOrientation.java:41)
	at io.appium.uiautomator2.handler.request.SafeRequestHandler.handle(SafeRequestHandler.java:59)
	at io.appium.uiautomator2.server.AppiumServlet.handleRequest(AppiumServlet.java:267)
	at io.appium.uiautomator2.server.AppiumServlet.handleHttpRequest(AppiumServlet.java:261)
	at io.appium.uiautomator2.http.ServerHandler.channelRead(ServerHandler.java:77)
	at io.netty.channel.AbstractChannelHandlerContext.fireChannelRead(AbstractChannelHandlerContext.java:357)
	at io.netty.handler.codec.MessageToMessageDecoder.channelRead(MessageToMessageDecoder.java:107)
	at io.netty.channel.AbstractChannelHandlerContext.fireChannelRead(AbstractChannelHandlerContext.java:357)
	at io.netty.channel.CombinedChannelDuplexHandler$DelegatingChannelHandlerContext.fireChannelRead(CombinedChannelDuplexHandler.java:434)
	at io.netty.handler.codec.ByteToMessageDecoder.fireChannelRead(ByteToMessageDecoder.java:361)
	at io.netty.handler.codec.ByteToMessageDecoder.channelRead(ByteToMessageDecoder.java:325)
	at io.netty.channel.CombinedChannelDuplexHandler.channelRead(CombinedChannelDuplexHandler.java:249)
	at io.netty.channel.AbstractChannelHandlerContext.fireChannelRead(AbstractChannelHandlerContext.java:355)
	at io.netty.handler.timeout.IdleStateHandler.channelRead(IdleStateHandler.java:288)
	at io.netty.channel.AbstractChannelHandlerContext.fireChannelRead(AbstractChannelHandlerContext.java:355)
	at io.netty.channel.DefaultChannelPipeline$HeadContext.channelRead(DefaultChannelPipeline.java:1429)
	at io.netty.channel.DefaultChannelPipeline.fireChannelRead(DefaultChannelPipeline.java:918)
	at io.netty.channel.nio.AbstractNioByteChannel$NioByteUnsafe.read(AbstractNioByteChannel.java:176)
	at io.netty.channel.nio.AbstractNioChannel$AbstractNioUnsafe.handle(AbstractNioChannel.java:445)
	at io.netty.channel.nio.NioIoHandler$DefaultNioRegistration.handle(NioIoHandler.java:388)
	at io.netty.channel.nio.NioIoHandler.processSelectedKey(NioIoHandler.java:596)
	at io.netty.channel.nio.NioIoHandler.processSelectedKeysOptimized(NioIoHandler.java:571)
	at io.netty.channel.nio.NioIoHandler.processSelectedKeys(NioIoHandler.java:512)
	at io.netty.channel.nio.NioIoHandler.run(NioIoHandler.java:484)
	at io.netty.channel.SingleThreadIoEventLoop.runIo(SingleThreadIoEventLoop.java:225)
	at io.netty.channel.SingleThreadIoEventLoop.run(SingleThreadIoEventLoop.java:196)
	at io.netty.util.concurrent.SingleThreadEventExecutor$5.run(SingleThreadEventExecutor.java:1195)
	at io.netty.util.internal.ThreadExecutorMap$2.run(ThreadExecutorMap.java:74)
	at io.netty.util.concurrent.FastThreadLocalRunnable.run(FastThreadLocalRunnable.java:30)
	at java.lang.Thread.run(Thread.java:919)

[MobileScreenshot] Saved screenshot: /home/runner/work/kisan-mitra-web/kisan-mitra-web/tests/mobile_e2e/Test Results/Screenshots/mobile_layout_landscape_failed.png
[MobileTest] Rotating emulator back to PORTRAIT...
[MobileScreenshot] Saved screenshot: /home/runner/work/kisan-mitra-web/kisan-mitra-web/tests/mobile_e2e/Test Results/Screenshots/mobile_layout_portrait.png
[MobileTest] Orientation rotation smoke test complete.
PASSED

=================================== FAILURES ===================================
_____________________________ test_home_page_load ______________________________

auth_driver = <appium.webdriver.webdriver.WebDriver (session="bf423237-b59f-48a1-bc5d-eab37b0a4f3a")>

    def test_home_page_load(auth_driver):
        """Verify that the Home dashboard loads successfully after login."""
        home_page = HomePage(auth_driver)
        # Verify that the Crops tab on the home bottom nav is visible (proves home page has loaded)
>       assert home_page.wait_for_element(home_page.CROPS_TAB) is not None, "Home screen failed to load (Crops tab not found)"
               ^^^^^^^^^^^^^^^^^^^^^^^^^^^^^^^^^^^^^^^^^^^^^^^

tests/mobile_e2e/test_suites/test_features.py:22: 
_ _ _ _ _ _ _ _ _ _ _ _ _ _ _ _ _ _ _ _ _ _ _ _ _ _ _ _ _ _ _ _ _ _ _ _ _ _ _ _ 
tests/mobile_e2e/pages/base_page.py:22: in wait_for_element
    raise e
tests/mobile_e2e/pages/base_page.py:17: in wait_for_element
    return WebDriverWait(self.driver, self.timeout).until(
_ _ _ _ _ _ _ _ _ _ _ _ _ _ _ _ _ _ _ _ _ _ _ _ _ _ _ _ _ _ _ _ _ _ _ _ _ _ _ _ 

self = <selenium.webdriver.support.wait.WebDriverWait (session="bf423237-b59f-48a1-bc5d-eab37b0a4f3a")>
method = <function visibility_of_element_located.<locals>._predicate at 0x7ff5f78a80e0>
message = ''

    def until(self, method: Callable[[D], Literal[False] | T], message: str = "") -> T:
        """Wait until the method returns a value that is not False.
    
        Calls the method provided with the driver as an argument until the
        return value does not evaluate to ``False``.
    
        Args:
            method: A callable object that takes a WebDriver instance as an
                argument.
            message: Optional message for TimeoutException.
    
        Returns:
            The result of the last call to `method`.
    
        Raises:
            TimeoutException: If 'method' does not return a truthy value within
                the WebDriverWait object's timeout.
    
        Example:
            >>> from selenium.webdriver.common.by import By
            >>> from selenium.webdriver.support.ui import WebDriverWait
            >>> from selenium.webdriver.support import expected_conditions as EC
            >>>
            >>> # Wait until an element is visible on the page
            >>> wait = WebDriverWait(driver, 10)
            >>> element = wait.until(EC.visibility_of_element_located((By.ID, "exampleId")))
            >>> print(element.text)
        """
        screen = None
        stacktrace = None
    
        end_time = time.monotonic() + self._timeout
        while True:
            try:
                value = method(self._driver)
                if value:
                    return value
            except self._ignored_exceptions as exc:
                screen = getattr(exc, "screen", None)
                stacktrace = getattr(exc, "stacktrace", None)
            if time.monotonic() > end_time:
                break
            time.sleep(self._poll)
>       raise TimeoutException(message, screen, stacktrace)
E       selenium.common.exceptions.TimeoutException: Message: 
E       Stacktrace:
E       NoSuchElementError: An element could not be located on the page using the given search parameters.
E           at AndroidUiautomator2Driver.findElOrEls (/home/runner/.appium/node_modules/appium-uiautomator2-driver/node_modules/appium-android-driver/build/lib/commands/find.js:62:15)
E           at process.processTicksAndRejections (node:internal/process/task_queues:95:5)
E           at async AndroidUiautomator2Driver.findElOrElsWithProcessing (/opt/hostedtoolcache/node/20.20.2/x64/lib/node_modules/appium/node_modules/@appium/base-driver/build/lib/basedriver/commands/find.js:12:16)
E           at async AndroidUiautomator2Driver.findElement (/opt/hostedtoolcache/node/20.20.2/x64/lib/node_modules/appium/node_modules/@appium/base-driver/build/lib/basedriver/commands/find.js:28:16)
E           at async runCommandPromise (/opt/hostedtoolcache/node/20.20.2/x64/lib/node_modules/appium/node_modules/@appium/base-driver/build/lib/basedriver/driver.js:119:24)

/opt/hostedtoolcache/Python/3.11.15/x64/lib/python3.11/site-packages/selenium/webdriver/support/wait.py:121: TimeoutException
_________________________ test_market_prices_page_load _________________________

auth_driver = <appium.webdriver.webdriver.WebDriver (session="876a7405-ebf0-4936-96b6-c9b3b4e6bd59")>

    def test_market_prices_page_load(auth_driver):
        """Verify that the Market Prices page opens successfully."""
        home_page = HomePage(auth_driver)
        # Navigate to Market tab
>       home_page.click(home_page.MARKET_TAB)

tests/mobile_e2e/test_suites/test_features.py:30: 
_ _ _ _ _ _ _ _ _ _ _ _ _ _ _ _ _ _ _ _ _ _ _ _ _ _ _ _ _ _ _ _ _ _ _ _ _ _ _ _ 
tests/mobile_e2e/pages/base_page.py:26: in click
    element = self.wait_for_element(locator)
              ^^^^^^^^^^^^^^^^^^^^^^^^^^^^^^
tests/mobile_e2e/pages/base_page.py:22: in wait_for_element
    raise e
tests/mobile_e2e/pages/base_page.py:17: in wait_for_element
    return WebDriverWait(self.driver, self.timeout).until(
_ _ _ _ _ _ _ _ _ _ _ _ _ _ _ _ _ _ _ _ _ _ _ _ _ _ _ _ _ _ _ _ _ _ _ _ _ _ _ _ 

self = <selenium.webdriver.support.wait.WebDriverWait (session="876a7405-ebf0-4936-96b6-c9b3b4e6bd59")>
method = <function visibility_of_element_located.<locals>._predicate at 0x7ff5f7868ea0>
message = ''

    def until(self, method: Callable[[D], Literal[False] | T], message: str = "") -> T:
        """Wait until the method returns a value that is not False.
    
        Calls the method provided with the driver as an argument until the
        return value does not evaluate to ``False``.
    
        Args:
            method: A callable object that takes a WebDriver instance as an
                argument.
            message: Optional message for TimeoutException.
    
        Returns:
            The result of the last call to `method`.
    
        Raises:
            TimeoutException: If 'method' does not return a truthy value within
                the WebDriverWait object's timeout.
    
        Example:
            >>> from selenium.webdriver.common.by import By
            >>> from selenium.webdriver.support.ui import WebDriverWait
            >>> from selenium.webdriver.support import expected_conditions as EC
            >>>
            >>> # Wait until an element is visible on the page
            >>> wait = WebDriverWait(driver, 10)
            >>> element = wait.until(EC.visibility_of_element_located((By.ID, "exampleId")))
            >>> print(element.text)
        """
        screen = None
        stacktrace = None
    
        end_time = time.monotonic() + self._timeout
        while True:
            try:
                value = method(self._driver)
                if value:
                    return value
            except self._ignored_exceptions as exc:
                screen = getattr(exc, "screen", None)
                stacktrace = getattr(exc, "stacktrace", None)
            if time.monotonic() > end_time:
                break
            time.sleep(self._poll)
>       raise TimeoutException(message, screen, stacktrace)
E       selenium.common.exceptions.TimeoutException: Message: 
E       Stacktrace:
E       NoSuchElementError: An element could not be located on the page using the given search parameters.
E           at AndroidUiautomator2Driver.findElOrEls (/home/runner/.appium/node_modules/appium-uiautomator2-driver/node_modules/appium-android-driver/build/lib/commands/find.js:62:15)
E           at process.processTicksAndRejections (node:internal/process/task_queues:95:5)
E           at async AndroidUiautomator2Driver.findElOrElsWithProcessing (/opt/hostedtoolcache/node/20.20.2/x64/lib/node_modules/appium/node_modules/@appium/base-driver/build/lib/basedriver/commands/find.js:12:16)
E           at async AndroidUiautomator2Driver.findElement (/opt/hostedtoolcache/node/20.20.2/x64/lib/node_modules/appium/node_modules/@appium/base-driver/build/lib/basedriver/commands/find.js:28:16)
E           at async runCommandPromise (/opt/hostedtoolcache/node/20.20.2/x64/lib/node_modules/appium/node_modules/@appium/base-driver/build/lib/basedriver/driver.js:119:24)

/opt/hostedtoolcache/Python/3.11.15/x64/lib/python3.11/site-packages/selenium/webdriver/support/wait.py:121: TimeoutException
__________________________ test_ai_advisor_page_load ___________________________

auth_driver = <appium.webdriver.webdriver.WebDriver (session="f303ef0f-a119-4f32-8b85-72fb117c057c")>

    def test_ai_advisor_page_load(auth_driver):
        """Verify that the AI Advisor chat panel opens successfully."""
        home_page = HomePage(auth_driver)
        # Navigate to Advisory tab
>       home_page.click(home_page.ADVISORY_TAB)

tests/mobile_e2e/test_suites/test_features.py:45: 
_ _ _ _ _ _ _ _ _ _ _ _ _ _ _ _ _ _ _ _ _ _ _ _ _ _ _ _ _ _ _ _ _ _ _ _ _ _ _ _ 
tests/mobile_e2e/pages/base_page.py:26: in click
    element = self.wait_for_element(locator)
              ^^^^^^^^^^^^^^^^^^^^^^^^^^^^^^
tests/mobile_e2e/pages/base_page.py:22: in wait_for_element
    raise e
tests/mobile_e2e/pages/base_page.py:17: in wait_for_element
    return WebDriverWait(self.driver, self.timeout).until(
_ _ _ _ _ _ _ _ _ _ _ _ _ _ _ _ _ _ _ _ _ _ _ _ _ _ _ _ _ _ _ _ _ _ _ _ _ _ _ _ 

self = <selenium.webdriver.support.wait.WebDriverWait (session="f303ef0f-a119-4f32-8b85-72fb117c057c")>
method = <function visibility_of_element_located.<locals>._predicate at 0x7ff5f78696c0>
message = ''

    def until(self, method: Callable[[D], Literal[False] | T], message: str = "") -> T:
        """Wait until the method returns a value that is not False.
    
        Calls the method provided with the driver as an argument until the
        return value does not evaluate to ``False``.
    
        Args:
            method: A callable object that takes a WebDriver instance as an
                argument.
            message: Optional message for TimeoutException.
    
        Returns:
            The result of the last call to `method`.
    
        Raises:
            TimeoutException: If 'method' does not return a truthy value within
                the WebDriverWait object's timeout.
    
        Example:
            >>> from selenium.webdriver.common.by import By
            >>> from selenium.webdriver.support.ui import WebDriverWait
            >>> from selenium.webdriver.support import expected_conditions as EC
            >>>
            >>> # Wait until an element is visible on the page
            >>> wait = WebDriverWait(driver, 10)
            >>> element = wait.until(EC.visibility_of_element_located((By.ID, "exampleId")))
            >>> print(element.text)
        """
        screen = None
        stacktrace = None
    
        end_time = time.monotonic() + self._timeout
        while True:
            try:
                value = method(self._driver)
                if value:
                    return value
            except self._ignored_exceptions as exc:
                screen = getattr(exc, "screen", None)
                stacktrace = getattr(exc, "stacktrace", None)
            if time.monotonic() > end_time:
                break
            time.sleep(self._poll)
>       raise TimeoutException(message, screen, stacktrace)
E       selenium.common.exceptions.TimeoutException: Message: 
E       Stacktrace:
E       NoSuchElementError: An element could not be located on the page using the given search parameters.
E           at AndroidUiautomator2Driver.findElOrEls (/home/runner/.appium/node_modules/appium-uiautomator2-driver/node_modules/appium-android-driver/build/lib/commands/find.js:62:15)
E           at process.processTicksAndRejections (node:internal/process/task_queues:95:5)
E           at async AndroidUiautomator2Driver.findElOrElsWithProcessing (/opt/hostedtoolcache/node/20.20.2/x64/lib/node_modules/appium/node_modules/@appium/base-driver/build/lib/basedriver/commands/find.js:12:16)
E           at async AndroidUiautomator2Driver.findElement (/opt/hostedtoolcache/node/20.20.2/x64/lib/node_modules/appium/node_modules/@appium/base-driver/build/lib/basedriver/commands/find.js:28:16)
E           at async runCommandPromise (/opt/hostedtoolcache/node/20.20.2/x64/lib/node_modules/appium/node_modules/@appium/base-driver/build/lib/basedriver/driver.js:119:24)

/opt/hostedtoolcache/Python/3.11.15/x64/lib/python3.11/site-packages/selenium/webdriver/support/wait.py:121: TimeoutException
________________________ test_disease_scanner_page_load ________________________

auth_driver = <appium.webdriver.webdriver.WebDriver (session="29dc67f9-9e35-4ea3-972b-6061d99c6e4d")>

    def test_disease_scanner_page_load(auth_driver):
        """Verify that the Disease Scanner interface opens successfully."""
        home_page = HomePage(auth_driver)
        # Click Scan Disease quick action card
>       home_page.click(home_page.SCAN_DISEASE_TILE)

tests/mobile_e2e/test_suites/test_features.py:61: 
_ _ _ _ _ _ _ _ _ _ _ _ _ _ _ _ _ _ _ _ _ _ _ _ _ _ _ _ _ _ _ _ _ _ _ _ _ _ _ _ 
tests/mobile_e2e/pages/base_page.py:26: in click
    element = self.wait_for_element(locator)
              ^^^^^^^^^^^^^^^^^^^^^^^^^^^^^^
tests/mobile_e2e/pages/base_page.py:22: in wait_for_element
    raise e
tests/mobile_e2e/pages/base_page.py:17: in wait_for_element
    return WebDriverWait(self.driver, self.timeout).until(
_ _ _ _ _ _ _ _ _ _ _ _ _ _ _ _ _ _ _ _ _ _ _ _ _ _ _ _ _ _ _ _ _ _ _ _ _ _ _ _ 

self = <selenium.webdriver.support.wait.WebDriverWait (session="29dc67f9-9e35-4ea3-972b-6061d99c6e4d")>
method = <function visibility_of_element_located.<locals>._predicate at 0x7ff5f786a700>
message = ''

    def until(self, method: Callable[[D], Literal[False] | T], message: str = "") -> T:
        """Wait until the method returns a value that is not False.
    
        Calls the method provided with the driver as an argument until the
        return value does not evaluate to ``False``.
    
        Args:
            method: A callable object that takes a WebDriver instance as an
                argument.
            message: Optional message for TimeoutException.
    
        Returns:
            The result of the last call to `method`.
    
        Raises:
            TimeoutException: If 'method' does not return a truthy value within
                the WebDriverWait object's timeout.
    
        Example:
            >>> from selenium.webdriver.common.by import By
            >>> from selenium.webdriver.support.ui import WebDriverWait
            >>> from selenium.webdriver.support import expected_conditions as EC
            >>>
            >>> # Wait until an element is visible on the page
            >>> wait = WebDriverWait(driver, 10)
            >>> element = wait.until(EC.visibility_of_element_located((By.ID, "exampleId")))
            >>> print(element.text)
        """
        screen = None
        stacktrace = None
    
        end_time = time.monotonic() + self._timeout
        while True:
            try:
                value = method(self._driver)
                if value:
                    return value
            except self._ignored_exceptions as exc:
                screen = getattr(exc, "screen", None)
                stacktrace = getattr(exc, "stacktrace", None)
            if time.monotonic() > end_time:
                break
            time.sleep(self._poll)
>       raise TimeoutException(message, screen, stacktrace)
E       selenium.common.exceptions.TimeoutException: Message: 
E       Stacktrace:
E       NoSuchElementError: An element could not be located on the page using the given search parameters.
E           at AndroidUiautomator2Driver.findElOrEls (/home/runner/.appium/node_modules/appium-uiautomator2-driver/node_modules/appium-android-driver/build/lib/commands/find.js:62:15)
E           at process.processTicksAndRejections (node:internal/process/task_queues:95:5)
E           at async AndroidUiautomator2Driver.findElOrElsWithProcessing (/opt/hostedtoolcache/node/20.20.2/x64/lib/node_modules/appium/node_modules/@appium/base-driver/build/lib/basedriver/commands/find.js:12:16)
E           at async AndroidUiautomator2Driver.findElement (/opt/hostedtoolcache/node/20.20.2/x64/lib/node_modules/appium/node_modules/@appium/base-driver/build/lib/basedriver/commands/find.js:28:16)
E           at async runCommandPromise (/opt/hostedtoolcache/node/20.20.2/x64/lib/node_modules/appium/node_modules/@appium/base-driver/build/lib/basedriver/driver.js:119:24)

/opt/hostedtoolcache/Python/3.11.15/x64/lib/python3.11/site-packages/selenium/webdriver/support/wait.py:121: TimeoutException
_______________________ test_navigation_between_screens ________________________

auth_driver = <appium.webdriver.webdriver.WebDriver (session="1b913e49-448d-4767-b14f-45ba7998a5b0")>

    def test_navigation_between_screens(auth_driver):
        """Verify navigation flows between different main sections of the app."""
        home_page = HomePage(auth_driver)
        from selenium.webdriver.common.by import By
    
        # Go to Crops
>       home_page.click(home_page.CROPS_TAB)

tests/mobile_e2e/test_suites/test_features.py:79: 
_ _ _ _ _ _ _ _ _ _ _ _ _ _ _ _ _ _ _ _ _ _ _ _ _ _ _ _ _ _ _ _ _ _ _ _ _ _ _ _ 
tests/mobile_e2e/pages/base_page.py:26: in click
    element = self.wait_for_element(locator)
              ^^^^^^^^^^^^^^^^^^^^^^^^^^^^^^
tests/mobile_e2e/pages/base_page.py:22: in wait_for_element
    raise e
tests/mobile_e2e/pages/base_page.py:17: in wait_for_element
    return WebDriverWait(self.driver, self.timeout).until(
_ _ _ _ _ _ _ _ _ _ _ _ _ _ _ _ _ _ _ _ _ _ _ _ _ _ _ _ _ _ _ _ _ _ _ _ _ _ _ _ 

self = <selenium.webdriver.support.wait.WebDriverWait (session="1b913e49-448d-4767-b14f-45ba7998a5b0")>
method = <function visibility_of_element_located.<locals>._predicate at 0x7ff5f786ade0>
message = ''

    def until(self, method: Callable[[D], Literal[False] | T], message: str = "") -> T:
        """Wait until the method returns a value that is not False.
    
        Calls the method provided with the driver as an argument until the
        return value does not evaluate to ``False``.
    
        Args:
            method: A callable object that takes a WebDriver instance as an
                argument.
            message: Optional message for TimeoutException.
    
        Returns:
            The result of the last call to `method`.
    
        Raises:
            TimeoutException: If 'method' does not return a truthy value within
                the WebDriverWait object's timeout.
    
        Example:
            >>> from selenium.webdriver.common.by import By
            >>> from selenium.webdriver.support.ui import WebDriverWait
            >>> from selenium.webdriver.support import expected_conditions as EC
            >>>
            >>> # Wait until an element is visible on the page
            >>> wait = WebDriverWait(driver, 10)
            >>> element = wait.until(EC.visibility_of_element_located((By.ID, "exampleId")))
            >>> print(element.text)
        """
        screen = None
        stacktrace = None
    
        end_time = time.monotonic() + self._timeout
        while True:
            try:
                value = method(self._driver)
                if value:
                    return value
            except self._ignored_exceptions as exc:
                screen = getattr(exc, "screen", None)
                stacktrace = getattr(exc, "stacktrace", None)
            if time.monotonic() > end_time:
                break
            time.sleep(self._poll)
>       raise TimeoutException(message, screen, stacktrace)
E       selenium.common.exceptions.TimeoutException: Message: 
E       Stacktrace:
E       NoSuchElementError: An element could not be located on the page using the given search parameters.
E           at AndroidUiautomator2Driver.findElOrEls (/home/runner/.appium/node_modules/appium-uiautomator2-driver/node_modules/appium-android-driver/build/lib/commands/find.js:62:15)
E           at process.processTicksAndRejections (node:internal/process/task_queues:95:5)
E           at async AndroidUiautomator2Driver.findElOrElsWithProcessing (/opt/hostedtoolcache/node/20.20.2/x64/lib/node_modules/appium/node_modules/@appium/base-driver/build/lib/basedriver/commands/find.js:12:16)
E           at async AndroidUiautomator2Driver.findElement (/opt/hostedtoolcache/node/20.20.2/x64/lib/node_modules/appium/node_modules/@appium/base-driver/build/lib/basedriver/commands/find.js:28:16)
E           at async runCommandPromise (/opt/hostedtoolcache/node/20.20.2/x64/lib/node_modules/appium/node_modules/@appium/base-driver/build/lib/basedriver/driver.js:119:24)

/opt/hostedtoolcache/Python/3.11.15/x64/lib/python3.11/site-packages/selenium/webdriver/support/wait.py:121: TimeoutException
=========================== short test summary info ============================
FAILED tests/mobile_e2e/test_suites/test_features.py::test_home_page_load - selenium.common.exceptions.TimeoutException: Message: 
Stacktrace:
NoSuchElementError: An element could not be located on the page using the given search parameters.
    at AndroidUiautomator2Driver.findElOrEls (/home/runner/.appium/node_modules/appium-uiautomator2-driver/node_modules/appium-android-driver/build/lib/commands/find.js:62:15)
    at process.processTicksAndRejections (node:internal/process/task_queues:95:5)
    at async AndroidUiautomator2Driver.findElOrElsWithProcessing (/opt/hostedtoolcache/node/20.20.2/x64/lib/node_modules/appium/node_modules/@appium/base-driver/build/lib/basedriver/commands/find.js:12:16)
    at async AndroidUiautomator2Driver.findElement (/opt/hostedtoolcache/node/20.20.2/x64/lib/node_modules/appium/node_modules/@appium/base-driver/build/lib/basedriver/commands/find.js:28:16)
    at async runCommandPromise (/opt/hostedtoolcache/node/20.20.2/x64/lib/node_modules/appium/node_modules/@appium/base-driver/build/lib/basedriver/driver.js:119:24)
FAILED tests/mobile_e2e/test_suites/test_features.py::test_market_prices_page_load - selenium.common.exceptions.TimeoutException: Message: 
Stacktrace:
NoSuchElementError: An element could not be located on the page using the given search parameters.
    at AndroidUiautomator2Driver.findElOrEls (/home/runner/.appium/node_modules/appium-uiautomator2-driver/node_modules/appium-android-driver/build/lib/commands/find.js:62:15)
    at process.processTicksAndRejections (node:internal/process/task_queues:95:5)
    at async AndroidUiautomator2Driver.findElOrElsWithProcessing (/opt/hostedtoolcache/node/20.20.2/x64/lib/node_modules/appium/node_modules/@appium/base-driver/build/lib/basedriver/commands/find.js:12:16)
    at async AndroidUiautomator2Driver.findElement (/opt/hostedtoolcache/node/20.20.2/x64/lib/node_modules/appium/node_modules/@appium/base-driver/build/lib/basedriver/commands/find.js:28:16)
    at async runCommandPromise (/opt/hostedtoolcache/node/20.20.2/x64/lib/node_modules/appium/node_modules/@appium/base-driver/build/lib/basedriver/driver.js:119:24)
FAILED tests/mobile_e2e/test_suites/test_features.py::test_ai_advisor_page_load - selenium.common.exceptions.TimeoutException: Message: 
Stacktrace:
NoSuchElementError: An element could not be located on the page using the given search parameters.
    at AndroidUiautomator2Driver.findElOrEls (/home/runner/.appium/node_modules/appium-uiautomator2-driver/node_modules/appium-android-driver/build/lib/commands/find.js:62:15)
    at process.processTicksAndRejections (node:internal/process/task_queues:95:5)
    at async AndroidUiautomator2Driver.findElOrElsWithProcessing (/opt/hostedtoolcache/node/20.20.2/x64/lib/node_modules/appium/node_modules/@appium/base-driver/build/lib/basedriver/commands/find.js:12:16)
    at async AndroidUiautomator2Driver.findElement (/opt/hostedtoolcache/node/20.20.2/x64/lib/node_modules/appium/node_modules/@appium/base-driver/build/lib/basedriver/commands/find.js:28:16)
    at async runCommandPromise (/opt/hostedtoolcache/node/20.20.2/x64/lib/node_modules/appium/node_modules/@appium/base-driver/build/lib/basedriver/driver.js:119:24)
FAILED tests/mobile_e2e/test_suites/test_features.py::test_disease_scanner_page_load - selenium.common.exceptions.TimeoutException: Message: 
Stacktrace:
NoSuchElementError: An element could not be located on the page using the given search parameters.
    at AndroidUiautomator2Driver.findElOrEls (/home/runner/.appium/node_modules/appium-uiautomator2-driver/node_modules/appium-android-driver/build/lib/commands/find.js:62:15)
    at process.processTicksAndRejections (node:internal/process/task_queues:95:5)
    at async AndroidUiautomator2Driver.findElOrElsWithProcessing (/opt/hostedtoolcache/node/20.20.2/x64/lib/node_modules/appium/node_modules/@appium/base-driver/build/lib/basedriver/commands/find.js:12:16)
    at async AndroidUiautomator2Driver.findElement (/opt/hostedtoolcache/node/20.20.2/x64/lib/node_modules/appium/node_modules/@appium/base-driver/build/lib/basedriver/commands/find.js:28:16)
    at async runCommandPromise (/opt/hostedtoolcache/node/20.20.2/x64/lib/node_modules/appium/node_modules/@appium/base-driver/build/lib/basedriver/driver.js:119:24)
FAILED tests/mobile_e2e/test_suites/test_features.py::test_navigation_between_screens - selenium.common.exceptions.TimeoutException: Message: 
Stacktrace:
NoSuchElementError: An element could not be located on the page using the given search parameters.
    at AndroidUiautomator2Driver.findElOrEls (/home/runner/.appium/node_modules/appium-uiautomator2-driver/node_modules/appium-android-driver/build/lib/commands/find.js:62:15)
    at process.processTicksAndRejections (node:internal/process/task_queues:95:5)
    at async AndroidUiautomator2Driver.findElOrElsWithProcessing (/opt/hostedtoolcache/node/20.20.2/x64/lib/node_modules/appium/node_modules/@appium/base-driver/build/lib/basedriver/commands/find.js:12:16)
    at async AndroidUiautomator2Driver.findElement (/opt/hostedtoolcache/node/20.20.2/x64/lib/node_modules/appium/node_modules/@appium/base-driver/build/lib/basedriver/commands/find.js:28:16)
    at async runCommandPromise (/opt/hostedtoolcache/node/20.20.2/x64/lib/node_modules/appium/node_modules/@appium/base-driver/build/lib/basedriver/driver.js:119:24)
=================== 5 failed, 3 passed in 399.19s (0:06:39) ====================

======================================================================
MOBILE TEST SUITE COMPLETED. GENERATING REPORTS...
======================================================================
[MobileTestRunner] Copied screenshots to HTML folder for local viewing: /home/runner/work/kisan-mitra-web/kisan-mitra-web/tests/mobile_e2e/Test Results/HTML/Screenshots
[MobileExcelReporter] Report saved successfully to /home/runner/work/kisan-mitra-web/kisan-mitra-web/tests/mobile_e2e/Test Results/Excel/Automation_Test_Report.xlsx
[MobileHTMLReporter] Report saved successfully to /home/runner/work/kisan-mitra-web/kisan-mitra-web/tests/mobile_e2e/Test Results/HTML/execution-report.html
[MobileSummaryReporter] Summary saved successfully to /home/runner/work/kisan-mitra-web/kisan-mitra-web/tests/mobile_e2e/Test Results/Summary/summary.md
Excel report: /home/runner/work/kisan-mitra-web/kisan-mitra-web/tests/mobile_e2e/Test Results/Excel/Automation_Test_Report.xlsx
HTML report: /home/runner/work/kisan-mitra-web/kisan-mitra-web/tests/mobile_e2e/Test Results/HTML/execution-report.html
Summary markdown: /home/runner/work/kisan-mitra-web/kisan-mitra-web/tests/mobile_e2e/Test Results/Summary/summary.md
Logs: /home/runner/work/kisan-mitra-web/kisan-mitra-web/tests/mobile_e2e/Test Results/Logs/execution.log
======================================================================
Execution finished with 5 failures. Exiting with status code 1.
